This file contains any messages produced by compilers while
running configure, to aid debugging if configure makes a mistake.

It was created by LZO configure 2.04, which was
generated by GNU Autoconf 2.67.  Invocation command line was

  $ ./configure --enable-elf-shlibs

## --------- ##
## Platform. ##
## --------- ##

hostname = localhost.localdomain
uname -m = i686
uname -r = 2.6.32-573.el6.i686
uname -s = Linux
uname -v = #1 SMP Thu Jul 23 12:37:35 UTC 2015

/usr/bin/uname -p = unknown
/bin/uname -X     = unknown

/bin/arch              = i686
/usr/bin/arch -k       = unknown
/usr/convex/getsysinfo = unknown
/usr/bin/hostinfo      = unknown
/bin/machine           = unknown
/usr/bin/oslevel       = unknown
/bin/universe          = unknown

PATH: /usr/local/bin
PATH: /usr/bin
PATH: /bin
PATH: /usr/local/sbin
PATH: /usr/sbin
PATH: /sbin
PATH: /home/eric/bin
PATH: /opt/buildroot-2012.08-Lei/arm920t/usr/bin/
PATH: /home/eric/bin
PATH: /opt/buildroot-2012.08-Lei/arm920t/usr/bin/


## ----------- ##
## Core tests. ##
## ----------- ##

configure:2436: Configuring LZO 2.04
configure:2473: checking build system type
configure:2487: result: i686-pc-linux-gnu
configure:2507: checking host system type
configure:2520: result: i686-pc-linux-gnu
configure:2540: checking target system type
configure:2553: result: i686-pc-linux-gnu
configure:2580: checking whether to enable maintainer-specific portions of Makefiles
configure:2589: result: no
configure:2694: checking for gcc
configure:2710: found /usr/bin/gcc
configure:2721: result: gcc
configure:2950: checking for C compiler version
configure:2959: gcc --version >&5
gcc (GCC) 4.4.7 20120313 (Red Hat 4.4.7-17)
Copyright (C) 2010 Free Software Foundation, Inc.
This is free software; see the source for copying conditions.  There is NO
warranty; not even for MERCHANTABILITY or FITNESS FOR A PARTICULAR PURPOSE.

configure:2970: $? = 0
configure:2959: gcc -v >&5
Using built-in specs.
Target: i686-redhat-linux
Configured with: ../configure --prefix=/usr --mandir=/usr/share/man --infodir=/usr/share/info --with-bugurl=http://bugzilla.redhat.com/bugzilla --enable-bootstrap --enable-shared --enable-threads=posix --enable-checking=release --with-system-zlib --enable-__cxa_atexit --disable-libunwind-exceptions --enable-gnu-unique-object --enable-languages=c,c++,objc,obj-c++,java,fortran,ada --enable-java-awt=gtk --disable-dssi --with-java-home=/usr/lib/jvm/java-1.5.0-gcj-1.5.0.0/jre --enable-libgcj-multifile --enable-java-maintainer-mode --with-ecj-jar=/usr/share/java/eclipse-ecj.jar --disable-libjava-multilib --with-ppl --with-cloog --with-tune=generic --with-arch=i686 --build=i686-redhat-linux
Thread model: posix
gcc version 4.4.7 20120313 (Red Hat 4.4.7-17) (GCC) 
configure:2970: $? = 0
configure:2959: gcc -V >&5
gcc: '-V' option must have argument
configure:2970: $? = 1
configure:2959: gcc -qversion >&5
gcc: unrecognized option '-qversion'
gcc: no input files
configure:2970: $? = 1
configure:2990: checking whether the C compiler works
configure:3012: gcc    conftest.c  >&5
configure:3016: $? = 0
configure:3064: result: yes
configure:3067: checking for C compiler default output file name
configure:3069: result: a.out
configure:3075: checking for suffix of executables
configure:3082: gcc -o conftest    conftest.c  >&5
configure:3086: $? = 0
configure:3108: result: 
configure:3130: checking whether we are cross compiling
configure:3138: gcc -o conftest    conftest.c  >&5
configure:3142: $? = 0
configure:3149: ./conftest
configure:3153: $? = 0
configure:3168: result: no
configure:3173: checking for suffix of object files
configure:3195: gcc -c   conftest.c >&5
configure:3199: $? = 0
configure:3220: result: o
configure:3224: checking whether we are using the GNU C compiler
configure:3243: gcc -c   conftest.c >&5
configure:3243: $? = 0
configure:3252: result: yes
configure:3261: checking whether gcc accepts -g
configure:3281: gcc -c -g  conftest.c >&5
configure:3281: $? = 0
configure:3322: result: yes
configure:3339: checking for gcc option to accept ISO C89
configure:3403: gcc  -c -g -O2  conftest.c >&5
configure:3403: $? = 0
configure:3416: result: none needed
configure:3441: checking how to run the C preprocessor
configure:3472: gcc -E  conftest.c
configure:3472: $? = 0
configure:3486: gcc -E  conftest.c
conftest.c:9:28: error: ac_nonexistent.h: No such file or directory
configure:3486: $? = 1
configure: failed program was:
| /* confdefs.h */
| #define PACKAGE_NAME "LZO"
| #define PACKAGE_TARNAME "lzo"
| #define PACKAGE_VERSION "2.04"
| #define PACKAGE_STRING "LZO 2.04"
| #define PACKAGE_BUGREPORT "markus@oberhumer.com"
| #define PACKAGE_URL "http://www.oberhumer.com/opensource/lzo/"
| /* end confdefs.h.  */
| #include <ac_nonexistent.h>
configure:3511: result: gcc -E
configure:3531: gcc -E  conftest.c
configure:3531: $? = 0
configure:3545: gcc -E  conftest.c
conftest.c:9:28: error: ac_nonexistent.h: No such file or directory
configure:3545: $? = 1
configure: failed program was:
| /* confdefs.h */
| #define PACKAGE_NAME "LZO"
| #define PACKAGE_TARNAME "lzo"
| #define PACKAGE_VERSION "2.04"
| #define PACKAGE_STRING "LZO 2.04"
| #define PACKAGE_BUGREPORT "markus@oberhumer.com"
| #define PACKAGE_URL "http://www.oberhumer.com/opensource/lzo/"
| /* end confdefs.h.  */
| #include <ac_nonexistent.h>
configure:3574: checking whether the C preprocessor needs special flags
configure:3603: gcc -c -g -O2   conftest.c >&5
configure:3603: $? = 0
configure:3613: result: none needed
configure:3628: checking for an ANSI C-conforming const
configure:3693: gcc -c -g -O2  conftest.c >&5
configure:3693: $? = 0
configure:3700: result: yes
configure:3709: checking for grep that handles long lines and -e
configure:3767: result: /bin/grep
configure:3772: checking for egrep
configure:3834: result: /bin/grep -E
configure:3839: checking for ANSI C header files
configure:3859: gcc -c -g -O2  conftest.c >&5
configure:3859: $? = 0
configure:3932: gcc -o conftest -g -O2   conftest.c  >&5
configure:3932: $? = 0
configure:3932: ./conftest
configure:3932: $? = 0
configure:3943: result: yes
configure:3956: checking for sys/types.h
configure:3956: gcc -c -g -O2  conftest.c >&5
configure:3956: $? = 0
configure:3956: result: yes
configure:3956: checking for sys/stat.h
configure:3956: gcc -c -g -O2  conftest.c >&5
configure:3956: $? = 0
configure:3956: result: yes
configure:3956: checking for stdlib.h
configure:3956: gcc -c -g -O2  conftest.c >&5
configure:3956: $? = 0
configure:3956: result: yes
configure:3956: checking for string.h
configure:3956: gcc -c -g -O2  conftest.c >&5
configure:3956: $? = 0
configure:3956: result: yes
configure:3956: checking for memory.h
configure:3956: gcc -c -g -O2  conftest.c >&5
configure:3956: $? = 0
configure:3956: result: yes
configure:3956: checking for strings.h
configure:3956: gcc -c -g -O2  conftest.c >&5
configure:3956: $? = 0
configure:3956: result: yes
configure:3956: checking for inttypes.h
configure:3956: gcc -c -g -O2  conftest.c >&5
configure:3956: $? = 0
configure:3956: result: yes
configure:3956: checking for stdint.h
configure:3956: gcc -c -g -O2  conftest.c >&5
configure:3956: $? = 0
configure:3956: result: yes
configure:3956: checking for unistd.h
configure:3956: gcc -c -g -O2  conftest.c >&5
configure:3956: $? = 0
configure:3956: result: yes
configure:3969: checking whether byte ordering is bigendian
configure:3984: gcc -c -g -O2  conftest.c >&5
conftest.c:20: error: expected '=', ',', ';', 'asm' or '__attribute__' before 'a'
configure:3984: $? = 1
configure: failed program was:
| /* confdefs.h */
| #define PACKAGE_NAME "LZO"
| #define PACKAGE_TARNAME "lzo"
| #define PACKAGE_VERSION "2.04"
| #define PACKAGE_STRING "LZO 2.04"
| #define PACKAGE_BUGREPORT "markus@oberhumer.com"
| #define PACKAGE_URL "http://www.oberhumer.com/opensource/lzo/"
| #define STDC_HEADERS 1
| #define HAVE_SYS_TYPES_H 1
| #define HAVE_SYS_STAT_H 1
| #define HAVE_STDLIB_H 1
| #define HAVE_STRING_H 1
| #define HAVE_MEMORY_H 1
| #define HAVE_STRINGS_H 1
| #define HAVE_INTTYPES_H 1
| #define HAVE_STDINT_H 1
| #define HAVE_UNISTD_H 1
| /* end confdefs.h.  */
| #ifndef __APPLE_CC__
| 	       not a universal capable compiler
| 	     #endif
| 	     typedef int dummy;
| 
configure:4029: gcc -c -g -O2  conftest.c >&5
configure:4029: $? = 0
configure:4047: gcc -c -g -O2  conftest.c >&5
conftest.c: In function 'main':
conftest.c:26: error: 'not' undeclared (first use in this function)
conftest.c:26: error: (Each undeclared identifier is reported only once
conftest.c:26: error: for each function it appears in.)
conftest.c:26: error: expected ';' before 'big'
configure:4047: $? = 1
configure: failed program was:
| /* confdefs.h */
| #define PACKAGE_NAME "LZO"
| #define PACKAGE_TARNAME "lzo"
| #define PACKAGE_VERSION "2.04"
| #define PACKAGE_STRING "LZO 2.04"
| #define PACKAGE_BUGREPORT "markus@oberhumer.com"
| #define PACKAGE_URL "http://www.oberhumer.com/opensource/lzo/"
| #define STDC_HEADERS 1
| #define HAVE_SYS_TYPES_H 1
| #define HAVE_SYS_STAT_H 1
| #define HAVE_STDLIB_H 1
| #define HAVE_STRING_H 1
| #define HAVE_MEMORY_H 1
| #define HAVE_STRINGS_H 1
| #define HAVE_INTTYPES_H 1
| #define HAVE_STDINT_H 1
| #define HAVE_UNISTD_H 1
| /* end confdefs.h.  */
| #include <sys/types.h>
| 		#include <sys/param.h>
| 
| int
| main ()
| {
| #if BYTE_ORDER != BIG_ENDIAN
| 		 not big endian
| 		#endif
| 
|   ;
|   return 0;
| }
configure:4175: result: no
configure:4204: checking for special C compiler options needed for large files
configure:4249: result: no
configure:4255: checking for _FILE_OFFSET_BITS value needed for large files
configure:4280: gcc -c -g -O2  conftest.c >&5
conftest.c:26: warning: left shift count >= width of type
conftest.c:26: warning: left shift count >= width of type
conftest.c:28: error: size of array 'off_t_is_large' is negative
configure:4280: $? = 1
configure: failed program was:
| /* confdefs.h */
| #define PACKAGE_NAME "LZO"
| #define PACKAGE_TARNAME "lzo"
| #define PACKAGE_VERSION "2.04"
| #define PACKAGE_STRING "LZO 2.04"
| #define PACKAGE_BUGREPORT "markus@oberhumer.com"
| #define PACKAGE_URL "http://www.oberhumer.com/opensource/lzo/"
| #define STDC_HEADERS 1
| #define HAVE_SYS_TYPES_H 1
| #define HAVE_SYS_STAT_H 1
| #define HAVE_STDLIB_H 1
| #define HAVE_STRING_H 1
| #define HAVE_MEMORY_H 1
| #define HAVE_STRINGS_H 1
| #define HAVE_INTTYPES_H 1
| #define HAVE_STDINT_H 1
| #define HAVE_UNISTD_H 1
| #define LZO_ABI_LITTLE_ENDIAN 1
| /* end confdefs.h.  */
| #include <sys/types.h>
|  /* Check that off_t can represent 2**63 - 1 correctly.
|     We can't simply define LARGE_OFF_T to be 9223372036854775807,
|     since some C++ compilers masquerading as C compilers
|     incorrectly reject 9223372036854775807.  */
| #define LARGE_OFF_T (((off_t) 1 << 62) - 1 + ((off_t) 1 << 62))
|   int off_t_is_large[(LARGE_OFF_T % 2147483629 == 721
| 		       && LARGE_OFF_T % 2147483647 == 1)
| 		      ? 1 : -1];
| int
| main ()
| {
| 
|   ;
|   return 0;
| }
configure:4304: gcc -c -g -O2  conftest.c >&5
configure:4304: $? = 0
configure:4312: result: 64
configure:4412: checking for a BSD-compatible install
configure:4480: result: /usr/bin/install -c
configure:4491: checking whether build environment is sane
configure:4541: result: yes
configure:4682: checking for a thread-safe mkdir -p
configure:4721: result: /bin/mkdir -p
configure:4734: checking for gawk
configure:4750: found /usr/bin/gawk
configure:4761: result: gawk
configure:4772: checking whether make sets $(MAKE)
configure:4794: result: yes
configure:4824: checking for style of include used by make
configure:4852: result: GNU
configure:4937: checking dependency style of gcc
configure:5047: result: gcc3
configure:5186: checking how to print strings
configure:5213: result: printf
configure:5234: checking for a sed that does not truncate output
configure:5298: result: /bin/sed
configure:5316: checking for fgrep
configure:5378: result: /bin/grep -F
configure:5413: checking for ld used by gcc
configure:5480: result: /usr/bin/ld
configure:5487: checking if the linker (/usr/bin/ld) is GNU ld
configure:5502: result: yes
configure:5514: checking for BSD- or MS-compatible name lister (nm)
configure:5563: result: /usr/bin/nm -B
configure:5693: checking the name lister (/usr/bin/nm -B) interface
configure:5700: gcc -c -g -O2  conftest.c >&5
configure:5703: /usr/bin/nm -B "conftest.o"
configure:5706: output
00000000 B some_variable
configure:5713: result: BSD nm
configure:5716: checking whether ln -s works
configure:5720: result: yes
configure:5728: checking the maximum length of command line arguments
configure:5853: result: 1966080
configure:5870: checking whether the shell understands some XSI constructs
configure:5880: result: yes
configure:5884: checking whether the shell understands "+="
configure:5890: result: yes
configure:5925: checking for /usr/bin/ld option to reload object files
configure:5932: result: -r
configure:6001: checking for objdump
configure:6017: found /usr/bin/objdump
configure:6028: result: objdump
configure:6060: checking how to recognize dependent libraries
configure:6262: result: pass_all
configure:6322: checking for ar
configure:6338: found /usr/bin/ar
configure:6349: result: ar
configure:6427: checking for strip
configure:6443: found /usr/bin/strip
configure:6454: result: strip
configure:6526: checking for ranlib
configure:6542: found /usr/bin/ranlib
configure:6553: result: ranlib
configure:6655: checking command to parse /usr/bin/nm -B output from gcc object
configure:6773: gcc -c -g -O2  conftest.c >&5
configure:6776: $? = 0
configure:6780: /usr/bin/nm -B conftest.o \| sed -n -e 's/^.*[ ]\([ABCDGIRSTW][ABCDGIRSTW]*\)[ ][ ]*\([_A-Za-z][_A-Za-z0-9]*\)$/\1 \2 \2/p' \> conftest.nm
configure:6783: $? = 0
configure:6837: gcc -o conftest -g -O2   conftest.c conftstm.o >&5
configure:6840: $? = 0
configure:6878: result: ok
configure:7715: checking for dlfcn.h
configure:7715: gcc -c -g -O2  conftest.c >&5
configure:7715: $? = 0
configure:7715: result: yes
configure:7842: checking for objdir
configure:7857: result: .libs
configure:8124: checking if gcc supports -fno-rtti -fno-exceptions
configure:8142: gcc -c -g -O2  -fno-rtti -fno-exceptions conftest.c >&5
cc1: warning: command line option "-fno-rtti" is valid for C++/ObjC++ but not for C
configure:8146: $? = 0
configure:8159: result: no
configure:8179: checking for gcc option to produce PIC
configure:8464: result: -fPIC -DPIC
configure:8476: checking if gcc PIC flag -fPIC -DPIC works
configure:8494: gcc -c -g -O2  -fPIC -DPIC -DPIC conftest.c >&5
configure:8498: $? = 0
configure:8511: result: yes
configure:8535: checking if gcc static flag -static works
configure:8563: result: no
configure:8578: checking if gcc supports -c -o file.o
configure:8599: gcc -c -g -O2  -o out/conftest2.o conftest.c >&5
configure:8603: $? = 0
configure:8625: result: yes
configure:8633: checking if gcc supports -c -o file.o
configure:8680: result: yes
configure:8713: checking whether the gcc linker (/usr/bin/ld) supports shared libraries
configure:9788: result: yes
configure:10033: checking dynamic linker characteristics
configure:10488: gcc -o conftest -g -O2   -Wl,-rpath -Wl,/foo conftest.c  >&5
configure:10488: $? = 0
configure:10714: result: GNU/Linux ld.so
configure:10821: checking how to hardcode library paths into programs
configure:10846: result: immediate
configure:11386: checking whether stripping libraries is possible
configure:11391: result: yes
configure:11426: checking if libtool supports shared libraries
configure:11428: result: yes
configure:11431: checking whether to build shared libraries
configure:11452: result: no
configure:11455: checking whether to build static libraries
configure:11459: result: yes
configure:11501: checking whether time.h and sys/time.h may both be included
configure:11521: gcc -c -g -O2  conftest.c >&5
configure:11521: $? = 0
configure:11528: result: yes
configure:11539: checking assert.h usability
configure:11539: gcc -c -g -O2  conftest.c >&5
configure:11539: $? = 0
configure:11539: result: yes
configure:11539: checking assert.h presence
configure:11539: gcc -E  conftest.c
configure:11539: $? = 0
configure:11539: result: yes
configure:11539: checking for assert.h
configure:11539: result: yes
configure:11539: checking ctype.h usability
configure:11539: gcc -c -g -O2  conftest.c >&5
configure:11539: $? = 0
configure:11539: result: yes
configure:11539: checking ctype.h presence
configure:11539: gcc -E  conftest.c
configure:11539: $? = 0
configure:11539: result: yes
configure:11539: checking for ctype.h
configure:11539: result: yes
configure:11539: checking dirent.h usability
configure:11539: gcc -c -g -O2  conftest.c >&5
configure:11539: $? = 0
configure:11539: result: yes
configure:11539: checking dirent.h presence
configure:11539: gcc -E  conftest.c
configure:11539: $? = 0
configure:11539: result: yes
configure:11539: checking for dirent.h
configure:11539: result: yes
configure:11539: checking errno.h usability
configure:11539: gcc -c -g -O2  conftest.c >&5
configure:11539: $? = 0
configure:11539: result: yes
configure:11539: checking errno.h presence
configure:11539: gcc -E  conftest.c
configure:11539: $? = 0
configure:11539: result: yes
configure:11539: checking for errno.h
configure:11539: result: yes
configure:11539: checking fcntl.h usability
configure:11539: gcc -c -g -O2  conftest.c >&5
configure:11539: $? = 0
configure:11539: result: yes
configure:11539: checking fcntl.h presence
configure:11539: gcc -E  conftest.c
configure:11539: $? = 0
configure:11539: result: yes
configure:11539: checking for fcntl.h
configure:11539: result: yes
configure:11539: checking float.h usability
configure:11539: gcc -c -g -O2  conftest.c >&5
configure:11539: $? = 0
configure:11539: result: yes
configure:11539: checking float.h presence
configure:11539: gcc -E  conftest.c
configure:11539: $? = 0
configure:11539: result: yes
configure:11539: checking for float.h
configure:11539: result: yes
configure:11539: checking limits.h usability
configure:11539: gcc -c -g -O2  conftest.c >&5
configure:11539: $? = 0
configure:11539: result: yes
configure:11539: checking limits.h presence
configure:11539: gcc -E  conftest.c
configure:11539: $? = 0
configure:11539: result: yes
configure:11539: checking for limits.h
configure:11539: result: yes
configure:11539: checking malloc.h usability
configure:11539: gcc -c -g -O2  conftest.c >&5
configure:11539: $? = 0
configure:11539: result: yes
configure:11539: checking malloc.h presence
configure:11539: gcc -E  conftest.c
configure:11539: $? = 0
configure:11539: result: yes
configure:11539: checking for malloc.h
configure:11539: result: yes
configure:11539: checking for memory.h
configure:11539: result: yes
configure:11539: checking setjmp.h usability
configure:11539: gcc -c -g -O2  conftest.c >&5
configure:11539: $? = 0
configure:11539: result: yes
configure:11539: checking setjmp.h presence
configure:11539: gcc -E  conftest.c
configure:11539: $? = 0
configure:11539: result: yes
configure:11539: checking for setjmp.h
configure:11539: result: yes
configure:11539: checking signal.h usability
configure:11539: gcc -c -g -O2  conftest.c >&5
configure:11539: $? = 0
configure:11539: result: yes
configure:11539: checking signal.h presence
configure:11539: gcc -E  conftest.c
configure:11539: $? = 0
configure:11539: result: yes
configure:11539: checking for signal.h
configure:11539: result: yes
configure:11539: checking stdarg.h usability
configure:11539: gcc -c -g -O2  conftest.c >&5
configure:11539: $? = 0
configure:11539: result: yes
configure:11539: checking stdarg.h presence
configure:11539: gcc -E  conftest.c
configure:11539: $? = 0
configure:11539: result: yes
configure:11539: checking for stdarg.h
configure:11539: result: yes
configure:11539: checking stddef.h usability
configure:11539: gcc -c -g -O2  conftest.c >&5
configure:11539: $? = 0
configure:11539: result: yes
configure:11539: checking stddef.h presence
configure:11539: gcc -E  conftest.c
configure:11539: $? = 0
configure:11539: result: yes
configure:11539: checking for stddef.h
configure:11539: result: yes
configure:11539: checking for stdint.h
configure:11539: result: yes
configure:11539: checking stdio.h usability
configure:11539: gcc -c -g -O2  conftest.c >&5
configure:11539: $? = 0
configure:11539: result: yes
configure:11539: checking stdio.h presence
configure:11539: gcc -E  conftest.c
configure:11539: $? = 0
configure:11539: result: yes
configure:11539: checking for stdio.h
configure:11539: result: yes
configure:11539: checking for stdlib.h
configure:11539: result: yes
configure:11539: checking for string.h
configure:11539: result: yes
configure:11539: checking for strings.h
configure:11539: result: yes
configure:11539: checking time.h usability
configure:11539: gcc -c -g -O2  conftest.c >&5
configure:11539: $? = 0
configure:11539: result: yes
configure:11539: checking time.h presence
configure:11539: gcc -E  conftest.c
configure:11539: $? = 0
configure:11539: result: yes
configure:11539: checking for time.h
configure:11539: result: yes
configure:11539: checking for unistd.h
configure:11539: result: yes
configure:11539: checking utime.h usability
configure:11539: gcc -c -g -O2  conftest.c >&5
configure:11539: $? = 0
configure:11539: result: yes
configure:11539: checking utime.h presence
configure:11539: gcc -E  conftest.c
configure:11539: $? = 0
configure:11539: result: yes
configure:11539: checking for utime.h
configure:11539: result: yes
configure:11539: checking sys/mman.h usability
configure:11539: gcc -c -g -O2  conftest.c >&5
configure:11539: $? = 0
configure:11539: result: yes
configure:11539: checking sys/mman.h presence
configure:11539: gcc -E  conftest.c
configure:11539: $? = 0
configure:11539: result: yes
configure:11539: checking for sys/mman.h
configure:11539: result: yes
configure:11539: checking sys/resource.h usability
configure:11539: gcc -c -g -O2  conftest.c >&5
configure:11539: $? = 0
configure:11539: result: yes
configure:11539: checking sys/resource.h presence
configure:11539: gcc -E  conftest.c
configure:11539: $? = 0
configure:11539: result: yes
configure:11539: checking for sys/resource.h
configure:11539: result: yes
configure:11539: checking for sys/stat.h
configure:11539: result: yes
configure:11539: checking sys/time.h usability
configure:11539: gcc -c -g -O2  conftest.c >&5
configure:11539: $? = 0
configure:11539: result: yes
configure:11539: checking sys/time.h presence
configure:11539: gcc -E  conftest.c
configure:11539: $? = 0
configure:11539: result: yes
configure:11539: checking for sys/time.h
configure:11539: result: yes
configure:11539: checking for sys/types.h
configure:11539: result: yes
configure:11539: checking sys/wait.h usability
configure:11539: gcc -c -g -O2  conftest.c >&5
configure:11539: $? = 0
configure:11539: result: yes
configure:11539: checking sys/wait.h presence
configure:11539: gcc -E  conftest.c
configure:11539: $? = 0
configure:11539: result: yes
configure:11539: checking for sys/wait.h
configure:11539: result: yes
configure:11554: checking whether limits.h is sane
configure:11667: gcc -c -g -O2  conftest.c >&5
configure:11667: $? = 0
configure:11674: result: yes
configure:11686: checking for off_t
configure:11686: gcc -c -g -O2  conftest.c >&5
configure:11686: $? = 0
configure:11686: gcc -c -g -O2  conftest.c >&5
conftest.c: In function 'main':
conftest.c:89: error: expected expression before ')' token
configure:11686: $? = 1
configure: failed program was:
| /* confdefs.h */
| #define PACKAGE_NAME "LZO"
| #define PACKAGE_TARNAME "lzo"
| #define PACKAGE_VERSION "2.04"
| #define PACKAGE_STRING "LZO 2.04"
| #define PACKAGE_BUGREPORT "markus@oberhumer.com"
| #define PACKAGE_URL "http://www.oberhumer.com/opensource/lzo/"
| #define STDC_HEADERS 1
| #define HAVE_SYS_TYPES_H 1
| #define HAVE_SYS_STAT_H 1
| #define HAVE_STDLIB_H 1
| #define HAVE_STRING_H 1
| #define HAVE_MEMORY_H 1
| #define HAVE_STRINGS_H 1
| #define HAVE_INTTYPES_H 1
| #define HAVE_STDINT_H 1
| #define HAVE_UNISTD_H 1
| #define LZO_ABI_LITTLE_ENDIAN 1
| #define _FILE_OFFSET_BITS 64
| #define PACKAGE "lzo"
| #define VERSION "2.04"
| #define HAVE_DLFCN_H 1
| #define LT_OBJDIR ".libs/"
| #define TIME_WITH_SYS_TIME 1
| #define HAVE_ASSERT_H 1
| #define HAVE_CTYPE_H 1
| #define HAVE_DIRENT_H 1
| #define HAVE_ERRNO_H 1
| #define HAVE_FCNTL_H 1
| #define HAVE_FLOAT_H 1
| #define HAVE_LIMITS_H 1
| #define HAVE_MALLOC_H 1
| #define HAVE_MEMORY_H 1
| #define HAVE_SETJMP_H 1
| #define HAVE_SIGNAL_H 1
| #define HAVE_STDARG_H 1
| #define HAVE_STDDEF_H 1
| #define HAVE_STDINT_H 1
| #define HAVE_STDIO_H 1
| #define HAVE_STDLIB_H 1
| #define HAVE_STRING_H 1
| #define HAVE_STRINGS_H 1
| #define HAVE_TIME_H 1
| #define HAVE_UNISTD_H 1
| #define HAVE_UTIME_H 1
| #define HAVE_SYS_MMAN_H 1
| #define HAVE_SYS_RESOURCE_H 1
| #define HAVE_SYS_STAT_H 1
| #define HAVE_SYS_TIME_H 1
| #define HAVE_SYS_TYPES_H 1
| #define HAVE_SYS_WAIT_H 1
| /* end confdefs.h.  */
| #include <stdio.h>
| #ifdef HAVE_SYS_TYPES_H
| # include <sys/types.h>
| #endif
| #ifdef HAVE_SYS_STAT_H
| # include <sys/stat.h>
| #endif
| #ifdef STDC_HEADERS
| # include <stdlib.h>
| # include <stddef.h>
| #else
| # ifdef HAVE_STDLIB_H
| #  include <stdlib.h>
| # endif
| #endif
| #ifdef HAVE_STRING_H
| # if !defined STDC_HEADERS && defined HAVE_MEMORY_H
| #  include <memory.h>
| # endif
| # include <string.h>
| #endif
| #ifdef HAVE_STRINGS_H
| # include <strings.h>
| #endif
| #ifdef HAVE_INTTYPES_H
| # include <inttypes.h>
| #endif
| #ifdef HAVE_STDINT_H
| # include <stdint.h>
| #endif
| #ifdef HAVE_UNISTD_H
| # include <unistd.h>
| #endif
| int
| main ()
| {
| if (sizeof ((off_t)))
| 	    return 0;
|   ;
|   return 0;
| }
configure:11686: result: yes
configure:11697: checking for ptrdiff_t
configure:11697: gcc -c -g -O2  conftest.c >&5
configure:11697: $? = 0
configure:11697: gcc -c -g -O2  conftest.c >&5
conftest.c: In function 'main':
conftest.c:89: error: expected expression before ')' token
configure:11697: $? = 1
configure: failed program was:
| /* confdefs.h */
| #define PACKAGE_NAME "LZO"
| #define PACKAGE_TARNAME "lzo"
| #define PACKAGE_VERSION "2.04"
| #define PACKAGE_STRING "LZO 2.04"
| #define PACKAGE_BUGREPORT "markus@oberhumer.com"
| #define PACKAGE_URL "http://www.oberhumer.com/opensource/lzo/"
| #define STDC_HEADERS 1
| #define HAVE_SYS_TYPES_H 1
| #define HAVE_SYS_STAT_H 1
| #define HAVE_STDLIB_H 1
| #define HAVE_STRING_H 1
| #define HAVE_MEMORY_H 1
| #define HAVE_STRINGS_H 1
| #define HAVE_INTTYPES_H 1
| #define HAVE_STDINT_H 1
| #define HAVE_UNISTD_H 1
| #define LZO_ABI_LITTLE_ENDIAN 1
| #define _FILE_OFFSET_BITS 64
| #define PACKAGE "lzo"
| #define VERSION "2.04"
| #define HAVE_DLFCN_H 1
| #define LT_OBJDIR ".libs/"
| #define TIME_WITH_SYS_TIME 1
| #define HAVE_ASSERT_H 1
| #define HAVE_CTYPE_H 1
| #define HAVE_DIRENT_H 1
| #define HAVE_ERRNO_H 1
| #define HAVE_FCNTL_H 1
| #define HAVE_FLOAT_H 1
| #define HAVE_LIMITS_H 1
| #define HAVE_MALLOC_H 1
| #define HAVE_MEMORY_H 1
| #define HAVE_SETJMP_H 1
| #define HAVE_SIGNAL_H 1
| #define HAVE_STDARG_H 1
| #define HAVE_STDDEF_H 1
| #define HAVE_STDINT_H 1
| #define HAVE_STDIO_H 1
| #define HAVE_STDLIB_H 1
| #define HAVE_STRING_H 1
| #define HAVE_STRINGS_H 1
| #define HAVE_TIME_H 1
| #define HAVE_UNISTD_H 1
| #define HAVE_UTIME_H 1
| #define HAVE_SYS_MMAN_H 1
| #define HAVE_SYS_RESOURCE_H 1
| #define HAVE_SYS_STAT_H 1
| #define HAVE_SYS_TIME_H 1
| #define HAVE_SYS_TYPES_H 1
| #define HAVE_SYS_WAIT_H 1
| /* end confdefs.h.  */
| #include <stdio.h>
| #ifdef HAVE_SYS_TYPES_H
| # include <sys/types.h>
| #endif
| #ifdef HAVE_SYS_STAT_H
| # include <sys/stat.h>
| #endif
| #ifdef STDC_HEADERS
| # include <stdlib.h>
| # include <stddef.h>
| #else
| # ifdef HAVE_STDLIB_H
| #  include <stdlib.h>
| # endif
| #endif
| #ifdef HAVE_STRING_H
| # if !defined STDC_HEADERS && defined HAVE_MEMORY_H
| #  include <memory.h>
| # endif
| # include <string.h>
| #endif
| #ifdef HAVE_STRINGS_H
| # include <strings.h>
| #endif
| #ifdef HAVE_INTTYPES_H
| # include <inttypes.h>
| #endif
| #ifdef HAVE_STDINT_H
| # include <stdint.h>
| #endif
| #ifdef HAVE_UNISTD_H
| # include <unistd.h>
| #endif
| int
| main ()
| {
| if (sizeof ((ptrdiff_t)))
| 	    return 0;
|   ;
|   return 0;
| }
configure:11697: result: yes
configure:11708: checking for size_t
configure:11708: gcc -c -g -O2  conftest.c >&5
configure:11708: $? = 0
configure:11708: gcc -c -g -O2  conftest.c >&5
conftest.c: In function 'main':
conftest.c:89: error: expected expression before ')' token
configure:11708: $? = 1
configure: failed program was:
| /* confdefs.h */
| #define PACKAGE_NAME "LZO"
| #define PACKAGE_TARNAME "lzo"
| #define PACKAGE_VERSION "2.04"
| #define PACKAGE_STRING "LZO 2.04"
| #define PACKAGE_BUGREPORT "markus@oberhumer.com"
| #define PACKAGE_URL "http://www.oberhumer.com/opensource/lzo/"
| #define STDC_HEADERS 1
| #define HAVE_SYS_TYPES_H 1
| #define HAVE_SYS_STAT_H 1
| #define HAVE_STDLIB_H 1
| #define HAVE_STRING_H 1
| #define HAVE_MEMORY_H 1
| #define HAVE_STRINGS_H 1
| #define HAVE_INTTYPES_H 1
| #define HAVE_STDINT_H 1
| #define HAVE_UNISTD_H 1
| #define LZO_ABI_LITTLE_ENDIAN 1
| #define _FILE_OFFSET_BITS 64
| #define PACKAGE "lzo"
| #define VERSION "2.04"
| #define HAVE_DLFCN_H 1
| #define LT_OBJDIR ".libs/"
| #define TIME_WITH_SYS_TIME 1
| #define HAVE_ASSERT_H 1
| #define HAVE_CTYPE_H 1
| #define HAVE_DIRENT_H 1
| #define HAVE_ERRNO_H 1
| #define HAVE_FCNTL_H 1
| #define HAVE_FLOAT_H 1
| #define HAVE_LIMITS_H 1
| #define HAVE_MALLOC_H 1
| #define HAVE_MEMORY_H 1
| #define HAVE_SETJMP_H 1
| #define HAVE_SIGNAL_H 1
| #define HAVE_STDARG_H 1
| #define HAVE_STDDEF_H 1
| #define HAVE_STDINT_H 1
| #define HAVE_STDIO_H 1
| #define HAVE_STDLIB_H 1
| #define HAVE_STRING_H 1
| #define HAVE_STRINGS_H 1
| #define HAVE_TIME_H 1
| #define HAVE_UNISTD_H 1
| #define HAVE_UTIME_H 1
| #define HAVE_SYS_MMAN_H 1
| #define HAVE_SYS_RESOURCE_H 1
| #define HAVE_SYS_STAT_H 1
| #define HAVE_SYS_TIME_H 1
| #define HAVE_SYS_TYPES_H 1
| #define HAVE_SYS_WAIT_H 1
| /* end confdefs.h.  */
| #include <stdio.h>
| #ifdef HAVE_SYS_TYPES_H
| # include <sys/types.h>
| #endif
| #ifdef HAVE_SYS_STAT_H
| # include <sys/stat.h>
| #endif
| #ifdef STDC_HEADERS
| # include <stdlib.h>
| # include <stddef.h>
| #else
| # ifdef HAVE_STDLIB_H
| #  include <stdlib.h>
| # endif
| #endif
| #ifdef HAVE_STRING_H
| # if !defined STDC_HEADERS && defined HAVE_MEMORY_H
| #  include <memory.h>
| # endif
| # include <string.h>
| #endif
| #ifdef HAVE_STRINGS_H
| # include <strings.h>
| #endif
| #ifdef HAVE_INTTYPES_H
| # include <inttypes.h>
| #endif
| #ifdef HAVE_STDINT_H
| # include <stdint.h>
| #endif
| #ifdef HAVE_UNISTD_H
| # include <unistd.h>
| #endif
| int
| main ()
| {
| if (sizeof ((size_t)))
| 	    return 0;
|   ;
|   return 0;
| }
configure:11708: result: yes
configure:11719: checking return type of signal handlers
configure:11737: gcc -c -g -O2  conftest.c >&5
conftest.c: In function 'main':
conftest.c:59: error: void value not ignored as it ought to be
configure:11737: $? = 1
configure: failed program was:
| /* confdefs.h */
| #define PACKAGE_NAME "LZO"
| #define PACKAGE_TARNAME "lzo"
| #define PACKAGE_VERSION "2.04"
| #define PACKAGE_STRING "LZO 2.04"
| #define PACKAGE_BUGREPORT "markus@oberhumer.com"
| #define PACKAGE_URL "http://www.oberhumer.com/opensource/lzo/"
| #define STDC_HEADERS 1
| #define HAVE_SYS_TYPES_H 1
| #define HAVE_SYS_STAT_H 1
| #define HAVE_STDLIB_H 1
| #define HAVE_STRING_H 1
| #define HAVE_MEMORY_H 1
| #define HAVE_STRINGS_H 1
| #define HAVE_INTTYPES_H 1
| #define HAVE_STDINT_H 1
| #define HAVE_UNISTD_H 1
| #define LZO_ABI_LITTLE_ENDIAN 1
| #define _FILE_OFFSET_BITS 64
| #define PACKAGE "lzo"
| #define VERSION "2.04"
| #define HAVE_DLFCN_H 1
| #define LT_OBJDIR ".libs/"
| #define TIME_WITH_SYS_TIME 1
| #define HAVE_ASSERT_H 1
| #define HAVE_CTYPE_H 1
| #define HAVE_DIRENT_H 1
| #define HAVE_ERRNO_H 1
| #define HAVE_FCNTL_H 1
| #define HAVE_FLOAT_H 1
| #define HAVE_LIMITS_H 1
| #define HAVE_MALLOC_H 1
| #define HAVE_MEMORY_H 1
| #define HAVE_SETJMP_H 1
| #define HAVE_SIGNAL_H 1
| #define HAVE_STDARG_H 1
| #define HAVE_STDDEF_H 1
| #define HAVE_STDINT_H 1
| #define HAVE_STDIO_H 1
| #define HAVE_STDLIB_H 1
| #define HAVE_STRING_H 1
| #define HAVE_STRINGS_H 1
| #define HAVE_TIME_H 1
| #define HAVE_UNISTD_H 1
| #define HAVE_UTIME_H 1
| #define HAVE_SYS_MMAN_H 1
| #define HAVE_SYS_RESOURCE_H 1
| #define HAVE_SYS_STAT_H 1
| #define HAVE_SYS_TIME_H 1
| #define HAVE_SYS_TYPES_H 1
| #define HAVE_SYS_WAIT_H 1
| /* end confdefs.h.  */
| #include <sys/types.h>
| #include <signal.h>
| 
| int
| main ()
| {
| return *(signal (0, 0)) (0) == 1;
|   ;
|   return 0;
| }
configure:11744: result: void
configure:11758: checking size of short
configure:11763: gcc -o conftest -g -O2   conftest.c  >&5
configure:11763: $? = 0
configure:11763: ./conftest
configure:11763: $? = 0
configure:11777: result: 2
configure:11791: checking size of int
configure:11796: gcc -o conftest -g -O2   conftest.c  >&5
configure:11796: $? = 0
configure:11796: ./conftest
configure:11796: $? = 0
configure:11810: result: 4
configure:11824: checking size of long
configure:11829: gcc -o conftest -g -O2   conftest.c  >&5
configure:11829: $? = 0
configure:11829: ./conftest
configure:11829: $? = 0
configure:11843: result: 4
configure:11858: checking size of long long
configure:11863: gcc -o conftest -g -O2   conftest.c  >&5
configure:11863: $? = 0
configure:11863: ./conftest
configure:11863: $? = 0
configure:11877: result: 8
configure:11891: checking size of __int16
configure:11896: gcc -o conftest -g -O2   conftest.c  >&5
conftest.c: In function 'longval':
conftest.c:91: error: '__int16' undeclared (first use in this function)
conftest.c:91: error: (Each undeclared identifier is reported only once
conftest.c:91: error: for each function it appears in.)
conftest.c: In function 'ulongval':
conftest.c:92: error: '__int16' undeclared (first use in this function)
conftest.c: In function 'main':
conftest.c:102: error: '__int16' undeclared (first use in this function)
configure:11896: $? = 1
configure: program exited with status 1
configure: failed program was:
| /* confdefs.h */
| #define PACKAGE_NAME "LZO"
| #define PACKAGE_TARNAME "lzo"
| #define PACKAGE_VERSION "2.04"
| #define PACKAGE_STRING "LZO 2.04"
| #define PACKAGE_BUGREPORT "markus@oberhumer.com"
| #define PACKAGE_URL "http://www.oberhumer.com/opensource/lzo/"
| #define STDC_HEADERS 1
| #define HAVE_SYS_TYPES_H 1
| #define HAVE_SYS_STAT_H 1
| #define HAVE_STDLIB_H 1
| #define HAVE_STRING_H 1
| #define HAVE_MEMORY_H 1
| #define HAVE_STRINGS_H 1
| #define HAVE_INTTYPES_H 1
| #define HAVE_STDINT_H 1
| #define HAVE_UNISTD_H 1
| #define LZO_ABI_LITTLE_ENDIAN 1
| #define _FILE_OFFSET_BITS 64
| #define PACKAGE "lzo"
| #define VERSION "2.04"
| #define HAVE_DLFCN_H 1
| #define LT_OBJDIR ".libs/"
| #define TIME_WITH_SYS_TIME 1
| #define HAVE_ASSERT_H 1
| #define HAVE_CTYPE_H 1
| #define HAVE_DIRENT_H 1
| #define HAVE_ERRNO_H 1
| #define HAVE_FCNTL_H 1
| #define HAVE_FLOAT_H 1
| #define HAVE_LIMITS_H 1
| #define HAVE_MALLOC_H 1
| #define HAVE_MEMORY_H 1
| #define HAVE_SETJMP_H 1
| #define HAVE_SIGNAL_H 1
| #define HAVE_STDARG_H 1
| #define HAVE_STDDEF_H 1
| #define HAVE_STDINT_H 1
| #define HAVE_STDIO_H 1
| #define HAVE_STDLIB_H 1
| #define HAVE_STRING_H 1
| #define HAVE_STRINGS_H 1
| #define HAVE_TIME_H 1
| #define HAVE_UNISTD_H 1
| #define HAVE_UTIME_H 1
| #define HAVE_SYS_MMAN_H 1
| #define HAVE_SYS_RESOURCE_H 1
| #define HAVE_SYS_STAT_H 1
| #define HAVE_SYS_TIME_H 1
| #define HAVE_SYS_TYPES_H 1
| #define HAVE_SYS_WAIT_H 1
| #define RETSIGTYPE void
| #define SIZEOF_SHORT 2
| #define SIZEOF_INT 4
| #define SIZEOF_LONG 4
| #define SIZEOF_LONG_LONG 8
| /* end confdefs.h.  */
| #include <stdio.h>
| #ifdef HAVE_SYS_TYPES_H
| # include <sys/types.h>
| #endif
| #ifdef HAVE_SYS_STAT_H
| # include <sys/stat.h>
| #endif
| #ifdef STDC_HEADERS
| # include <stdlib.h>
| # include <stddef.h>
| #else
| # ifdef HAVE_STDLIB_H
| #  include <stdlib.h>
| # endif
| #endif
| #ifdef HAVE_STRING_H
| # if !defined STDC_HEADERS && defined HAVE_MEMORY_H
| #  include <memory.h>
| # endif
| # include <string.h>
| #endif
| #ifdef HAVE_STRINGS_H
| # include <strings.h>
| #endif
| #ifdef HAVE_INTTYPES_H
| # include <inttypes.h>
| #endif
| #ifdef HAVE_STDINT_H
| # include <stdint.h>
| #endif
| #ifdef HAVE_UNISTD_H
| # include <unistd.h>
| #endif
| static long int longval () { return (long int) (sizeof (__int16)); }
| static unsigned long int ulongval () { return (long int) (sizeof (__int16)); }
| #include <stdio.h>
| #include <stdlib.h>
| int
| main ()
| {
| 
|   FILE *f = fopen ("conftest.val", "w");
|   if (! f)
|     return 1;
|   if (((long int) (sizeof (__int16))) < 0)
|     {
|       long int i = longval ();
|       if (i != ((long int) (sizeof (__int16))))
| 	return 1;
|       fprintf (f, "%ld", i);
|     }
|   else
|     {
|       unsigned long int i = ulongval ();
|       if (i != ((long int) (sizeof (__int16))))
| 	return 1;
|       fprintf (f, "%lu", i);
|     }
|   /* Do not output a trailing newline, as this causes \r\n confusion
|      on some platforms.  */
|   return ferror (f) || fclose (f) != 0;
| 
|   ;
|   return 0;
| }
configure:11910: result: 0
configure:11924: checking size of __int32
configure:11929: gcc -o conftest -g -O2   conftest.c  >&5
conftest.c: In function 'longval':
conftest.c:92: error: '__int32' undeclared (first use in this function)
conftest.c:92: error: (Each undeclared identifier is reported only once
conftest.c:92: error: for each function it appears in.)
conftest.c: In function 'ulongval':
conftest.c:93: error: '__int32' undeclared (first use in this function)
conftest.c: In function 'main':
conftest.c:103: error: '__int32' undeclared (first use in this function)
configure:11929: $? = 1
configure: program exited with status 1
configure: failed program was:
| /* confdefs.h */
| #define PACKAGE_NAME "LZO"
| #define PACKAGE_TARNAME "lzo"
| #define PACKAGE_VERSION "2.04"
| #define PACKAGE_STRING "LZO 2.04"
| #define PACKAGE_BUGREPORT "markus@oberhumer.com"
| #define PACKAGE_URL "http://www.oberhumer.com/opensource/lzo/"
| #define STDC_HEADERS 1
| #define HAVE_SYS_TYPES_H 1
| #define HAVE_SYS_STAT_H 1
| #define HAVE_STDLIB_H 1
| #define HAVE_STRING_H 1
| #define HAVE_MEMORY_H 1
| #define HAVE_STRINGS_H 1
| #define HAVE_INTTYPES_H 1
| #define HAVE_STDINT_H 1
| #define HAVE_UNISTD_H 1
| #define LZO_ABI_LITTLE_ENDIAN 1
| #define _FILE_OFFSET_BITS 64
| #define PACKAGE "lzo"
| #define VERSION "2.04"
| #define HAVE_DLFCN_H 1
| #define LT_OBJDIR ".libs/"
| #define TIME_WITH_SYS_TIME 1
| #define HAVE_ASSERT_H 1
| #define HAVE_CTYPE_H 1
| #define HAVE_DIRENT_H 1
| #define HAVE_ERRNO_H 1
| #define HAVE_FCNTL_H 1
| #define HAVE_FLOAT_H 1
| #define HAVE_LIMITS_H 1
| #define HAVE_MALLOC_H 1
| #define HAVE_MEMORY_H 1
| #define HAVE_SETJMP_H 1
| #define HAVE_SIGNAL_H 1
| #define HAVE_STDARG_H 1
| #define HAVE_STDDEF_H 1
| #define HAVE_STDINT_H 1
| #define HAVE_STDIO_H 1
| #define HAVE_STDLIB_H 1
| #define HAVE_STRING_H 1
| #define HAVE_STRINGS_H 1
| #define HAVE_TIME_H 1
| #define HAVE_UNISTD_H 1
| #define HAVE_UTIME_H 1
| #define HAVE_SYS_MMAN_H 1
| #define HAVE_SYS_RESOURCE_H 1
| #define HAVE_SYS_STAT_H 1
| #define HAVE_SYS_TIME_H 1
| #define HAVE_SYS_TYPES_H 1
| #define HAVE_SYS_WAIT_H 1
| #define RETSIGTYPE void
| #define SIZEOF_SHORT 2
| #define SIZEOF_INT 4
| #define SIZEOF_LONG 4
| #define SIZEOF_LONG_LONG 8
| #define SIZEOF___INT16 0
| /* end confdefs.h.  */
| #include <stdio.h>
| #ifdef HAVE_SYS_TYPES_H
| # include <sys/types.h>
| #endif
| #ifdef HAVE_SYS_STAT_H
| # include <sys/stat.h>
| #endif
| #ifdef STDC_HEADERS
| # include <stdlib.h>
| # include <stddef.h>
| #else
| # ifdef HAVE_STDLIB_H
| #  include <stdlib.h>
| # endif
| #endif
| #ifdef HAVE_STRING_H
| # if !defined STDC_HEADERS && defined HAVE_MEMORY_H
| #  include <memory.h>
| # endif
| # include <string.h>
| #endif
| #ifdef HAVE_STRINGS_H
| # include <strings.h>
| #endif
| #ifdef HAVE_INTTYPES_H
| # include <inttypes.h>
| #endif
| #ifdef HAVE_STDINT_H
| # include <stdint.h>
| #endif
| #ifdef HAVE_UNISTD_H
| # include <unistd.h>
| #endif
| static long int longval () { return (long int) (sizeof (__int32)); }
| static unsigned long int ulongval () { return (long int) (sizeof (__int32)); }
| #include <stdio.h>
| #include <stdlib.h>
| int
| main ()
| {
| 
|   FILE *f = fopen ("conftest.val", "w");
|   if (! f)
|     return 1;
|   if (((long int) (sizeof (__int32))) < 0)
|     {
|       long int i = longval ();
|       if (i != ((long int) (sizeof (__int32))))
| 	return 1;
|       fprintf (f, "%ld", i);
|     }
|   else
|     {
|       unsigned long int i = ulongval ();
|       if (i != ((long int) (sizeof (__int32))))
| 	return 1;
|       fprintf (f, "%lu", i);
|     }
|   /* Do not output a trailing newline, as this causes \r\n confusion
|      on some platforms.  */
|   return ferror (f) || fclose (f) != 0;
| 
|   ;
|   return 0;
| }
configure:11943: result: 0
configure:11957: checking size of __int64
configure:11962: gcc -o conftest -g -O2   conftest.c  >&5
conftest.c: In function 'longval':
conftest.c:93: error: '__int64' undeclared (first use in this function)
conftest.c:93: error: (Each undeclared identifier is reported only once
conftest.c:93: error: for each function it appears in.)
conftest.c: In function 'ulongval':
conftest.c:94: error: '__int64' undeclared (first use in this function)
conftest.c: In function 'main':
conftest.c:104: error: '__int64' undeclared (first use in this function)
configure:11962: $? = 1
configure: program exited with status 1
configure: failed program was:
| /* confdefs.h */
| #define PACKAGE_NAME "LZO"
| #define PACKAGE_TARNAME "lzo"
| #define PACKAGE_VERSION "2.04"
| #define PACKAGE_STRING "LZO 2.04"
| #define PACKAGE_BUGREPORT "markus@oberhumer.com"
| #define PACKAGE_URL "http://www.oberhumer.com/opensource/lzo/"
| #define STDC_HEADERS 1
| #define HAVE_SYS_TYPES_H 1
| #define HAVE_SYS_STAT_H 1
| #define HAVE_STDLIB_H 1
| #define HAVE_STRING_H 1
| #define HAVE_MEMORY_H 1
| #define HAVE_STRINGS_H 1
| #define HAVE_INTTYPES_H 1
| #define HAVE_STDINT_H 1
| #define HAVE_UNISTD_H 1
| #define LZO_ABI_LITTLE_ENDIAN 1
| #define _FILE_OFFSET_BITS 64
| #define PACKAGE "lzo"
| #define VERSION "2.04"
| #define HAVE_DLFCN_H 1
| #define LT_OBJDIR ".libs/"
| #define TIME_WITH_SYS_TIME 1
| #define HAVE_ASSERT_H 1
| #define HAVE_CTYPE_H 1
| #define HAVE_DIRENT_H 1
| #define HAVE_ERRNO_H 1
| #define HAVE_FCNTL_H 1
| #define HAVE_FLOAT_H 1
| #define HAVE_LIMITS_H 1
| #define HAVE_MALLOC_H 1
| #define HAVE_MEMORY_H 1
| #define HAVE_SETJMP_H 1
| #define HAVE_SIGNAL_H 1
| #define HAVE_STDARG_H 1
| #define HAVE_STDDEF_H 1
| #define HAVE_STDINT_H 1
| #define HAVE_STDIO_H 1
| #define HAVE_STDLIB_H 1
| #define HAVE_STRING_H 1
| #define HAVE_STRINGS_H 1
| #define HAVE_TIME_H 1
| #define HAVE_UNISTD_H 1
| #define HAVE_UTIME_H 1
| #define HAVE_SYS_MMAN_H 1
| #define HAVE_SYS_RESOURCE_H 1
| #define HAVE_SYS_STAT_H 1
| #define HAVE_SYS_TIME_H 1
| #define HAVE_SYS_TYPES_H 1
| #define HAVE_SYS_WAIT_H 1
| #define RETSIGTYPE void
| #define SIZEOF_SHORT 2
| #define SIZEOF_INT 4
| #define SIZEOF_LONG 4
| #define SIZEOF_LONG_LONG 8
| #define SIZEOF___INT16 0
| #define SIZEOF___INT32 0
| /* end confdefs.h.  */
| #include <stdio.h>
| #ifdef HAVE_SYS_TYPES_H
| # include <sys/types.h>
| #endif
| #ifdef HAVE_SYS_STAT_H
| # include <sys/stat.h>
| #endif
| #ifdef STDC_HEADERS
| # include <stdlib.h>
| # include <stddef.h>
| #else
| # ifdef HAVE_STDLIB_H
| #  include <stdlib.h>
| # endif
| #endif
| #ifdef HAVE_STRING_H
| # if !defined STDC_HEADERS && defined HAVE_MEMORY_H
| #  include <memory.h>
| # endif
| # include <string.h>
| #endif
| #ifdef HAVE_STRINGS_H
| # include <strings.h>
| #endif
| #ifdef HAVE_INTTYPES_H
| # include <inttypes.h>
| #endif
| #ifdef HAVE_STDINT_H
| # include <stdint.h>
| #endif
| #ifdef HAVE_UNISTD_H
| # include <unistd.h>
| #endif
| static long int longval () { return (long int) (sizeof (__int64)); }
| static unsigned long int ulongval () { return (long int) (sizeof (__int64)); }
| #include <stdio.h>
| #include <stdlib.h>
| int
| main ()
| {
| 
|   FILE *f = fopen ("conftest.val", "w");
|   if (! f)
|     return 1;
|   if (((long int) (sizeof (__int64))) < 0)
|     {
|       long int i = longval ();
|       if (i != ((long int) (sizeof (__int64))))
| 	return 1;
|       fprintf (f, "%ld", i);
|     }
|   else
|     {
|       unsigned long int i = ulongval ();
|       if (i != ((long int) (sizeof (__int64))))
| 	return 1;
|       fprintf (f, "%lu", i);
|     }
|   /* Do not output a trailing newline, as this causes \r\n confusion
|      on some platforms.  */
|   return ferror (f) || fclose (f) != 0;
| 
|   ;
|   return 0;
| }
configure:11976: result: 0
configure:11991: checking size of void *
configure:11996: gcc -o conftest -g -O2   conftest.c  >&5
configure:11996: $? = 0
configure:11996: ./conftest
configure:11996: $? = 0
configure:12010: result: 4
configure:12024: checking size of size_t
configure:12029: gcc -o conftest -g -O2   conftest.c  >&5
configure:12029: $? = 0
configure:12029: ./conftest
configure:12029: $? = 0
configure:12043: result: 4
configure:12057: checking size of ptrdiff_t
configure:12062: gcc -o conftest -g -O2   conftest.c  >&5
configure:12062: $? = 0
configure:12062: ./conftest
configure:12062: $? = 0
configure:12076: result: 4
configure:12092: checking size of __int32
configure:12111: result: 0
configure:12125: checking size of intmax_t
configure:12130: gcc -o conftest -g -O2   conftest.c  >&5
configure:12130: $? = 0
configure:12130: ./conftest
configure:12130: $? = 0
configure:12144: result: 8
configure:12158: checking size of uintmax_t
configure:12163: gcc -o conftest -g -O2   conftest.c  >&5
configure:12163: $? = 0
configure:12163: ./conftest
configure:12163: $? = 0
configure:12177: result: 8
configure:12191: checking size of intptr_t
configure:12196: gcc -o conftest -g -O2   conftest.c  >&5
configure:12196: $? = 0
configure:12196: ./conftest
configure:12196: $? = 0
configure:12210: result: 4
configure:12224: checking size of uintptr_t
configure:12229: gcc -o conftest -g -O2   conftest.c  >&5
configure:12229: $? = 0
configure:12229: ./conftest
configure:12229: $? = 0
configure:12243: result: 4
configure:12258: checking size of float
configure:12263: gcc -o conftest -g -O2   conftest.c  >&5
configure:12263: $? = 0
configure:12263: ./conftest
configure:12263: $? = 0
configure:12277: result: 4
configure:12291: checking size of double
configure:12296: gcc -o conftest -g -O2   conftest.c  >&5
configure:12296: $? = 0
configure:12296: ./conftest
configure:12296: $? = 0
configure:12310: result: 8
configure:12324: checking size of long double
configure:12329: gcc -o conftest -g -O2   conftest.c  >&5
configure:12329: $? = 0
configure:12329: ./conftest
configure:12329: $? = 0
configure:12343: result: 12
configure:12358: checking size of dev_t
configure:12363: gcc -o conftest -g -O2   conftest.c  >&5
configure:12363: $? = 0
configure:12363: ./conftest
configure:12363: $? = 0
configure:12377: result: 8
configure:12391: checking size of fpos_t
configure:12396: gcc -o conftest -g -O2   conftest.c  >&5
configure:12396: $? = 0
configure:12396: ./conftest
configure:12396: $? = 0
configure:12410: result: 16
configure:12424: checking size of mode_t
configure:12429: gcc -o conftest -g -O2   conftest.c  >&5
configure:12429: $? = 0
configure:12429: ./conftest
configure:12429: $? = 0
configure:12443: result: 4
configure:12457: checking size of off_t
configure:12462: gcc -o conftest -g -O2   conftest.c  >&5
configure:12462: $? = 0
configure:12462: ./conftest
configure:12462: $? = 0
configure:12476: result: 8
configure:12490: checking size of ssize_t
configure:12495: gcc -o conftest -g -O2   conftest.c  >&5
configure:12495: $? = 0
configure:12495: ./conftest
configure:12495: $? = 0
configure:12509: result: 4
configure:12523: checking size of time_t
configure:12528: gcc -o conftest -g -O2   conftest.c  >&5
configure:12528: $? = 0
configure:12528: ./conftest
configure:12528: $? = 0
configure:12542: result: 4
configure:12563: checking for access
configure:12563: gcc -o conftest -g -O2   conftest.c  >&5
configure:12563: $? = 0
configure:12563: result: yes
configure:12563: checking for alloca
configure:12563: gcc -o conftest -g -O2   conftest.c  >&5
conftest.c:102: warning: conflicting types for built-in function 'alloca'
/tmp/ccrHoTPF.o: In function `main':
/home/eric/project/fl2440/mtd-utiles/lzo-2.04/conftest.c:113: undefined reference to `alloca'
collect2: ld returned 1 exit status
configure:12563: $? = 1
configure: failed program was:
| /* confdefs.h */
| #define PACKAGE_NAME "LZO"
| #define PACKAGE_TARNAME "lzo"
| #define PACKAGE_VERSION "2.04"
| #define PACKAGE_STRING "LZO 2.04"
| #define PACKAGE_BUGREPORT "markus@oberhumer.com"
| #define PACKAGE_URL "http://www.oberhumer.com/opensource/lzo/"
| #define STDC_HEADERS 1
| #define HAVE_SYS_TYPES_H 1
| #define HAVE_SYS_STAT_H 1
| #define HAVE_STDLIB_H 1
| #define HAVE_STRING_H 1
| #define HAVE_MEMORY_H 1
| #define HAVE_STRINGS_H 1
| #define HAVE_INTTYPES_H 1
| #define HAVE_STDINT_H 1
| #define HAVE_UNISTD_H 1
| #define LZO_ABI_LITTLE_ENDIAN 1
| #define _FILE_OFFSET_BITS 64
| #define PACKAGE "lzo"
| #define VERSION "2.04"
| #define HAVE_DLFCN_H 1
| #define LT_OBJDIR ".libs/"
| #define TIME_WITH_SYS_TIME 1
| #define HAVE_ASSERT_H 1
| #define HAVE_CTYPE_H 1
| #define HAVE_DIRENT_H 1
| #define HAVE_ERRNO_H 1
| #define HAVE_FCNTL_H 1
| #define HAVE_FLOAT_H 1
| #define HAVE_LIMITS_H 1
| #define HAVE_MALLOC_H 1
| #define HAVE_MEMORY_H 1
| #define HAVE_SETJMP_H 1
| #define HAVE_SIGNAL_H 1
| #define HAVE_STDARG_H 1
| #define HAVE_STDDEF_H 1
| #define HAVE_STDINT_H 1
| #define HAVE_STDIO_H 1
| #define HAVE_STDLIB_H 1
| #define HAVE_STRING_H 1
| #define HAVE_STRINGS_H 1
| #define HAVE_TIME_H 1
| #define HAVE_UNISTD_H 1
| #define HAVE_UTIME_H 1
| #define HAVE_SYS_MMAN_H 1
| #define HAVE_SYS_RESOURCE_H 1
| #define HAVE_SYS_STAT_H 1
| #define HAVE_SYS_TIME_H 1
| #define HAVE_SYS_TYPES_H 1
| #define HAVE_SYS_WAIT_H 1
| #define RETSIGTYPE void
| #define SIZEOF_SHORT 2
| #define SIZEOF_INT 4
| #define SIZEOF_LONG 4
| #define SIZEOF_LONG_LONG 8
| #define SIZEOF___INT16 0
| #define SIZEOF___INT32 0
| #define SIZEOF___INT64 0
| #define SIZEOF_VOID_P 4
| #define SIZEOF_SIZE_T 4
| #define SIZEOF_PTRDIFF_T 4
| #define SIZEOF___INT32 0
| #define SIZEOF_INTMAX_T 8
| #define SIZEOF_UINTMAX_T 8
| #define SIZEOF_INTPTR_T 4
| #define SIZEOF_UINTPTR_T 4
| #define SIZEOF_FLOAT 4
| #define SIZEOF_DOUBLE 8
| #define SIZEOF_LONG_DOUBLE 12
| #define SIZEOF_DEV_T 8
| #define SIZEOF_FPOS_T 16
| #define SIZEOF_MODE_T 4
| #define SIZEOF_OFF_T 8
| #define SIZEOF_SSIZE_T 4
| #define SIZEOF_TIME_T 4
| #define HAVE_ACCESS 1
| /* end confdefs.h.  */
| /* Define alloca to an innocuous variant, in case <limits.h> declares alloca.
|    For example, HP-UX 11i <limits.h> declares gettimeofday.  */
| #define alloca innocuous_alloca
| 
| /* System header to define __stub macros and hopefully few prototypes,
|     which can conflict with char alloca (); below.
|     Prefer <limits.h> to <assert.h> if __STDC__ is defined, since
|     <limits.h> exists even on freestanding compilers.  */
| 
| #ifdef __STDC__
| # include <limits.h>
| #else
| # include <assert.h>
| #endif
| 
| #undef alloca
| 
| /* Override any GCC internal prototype to avoid an error.
|    Use char because int might match the return type of a GCC
|    builtin and then its argument prototype would still apply.  */
| #ifdef __cplusplus
| extern "C"
| #endif
| char alloca ();
| /* The GNU C library defines this for functions which it implements
|     to always fail with ENOSYS.  Some functions are actually named
|     something starting with __ and the normal name is an alias.  */
| #if defined __stub_alloca || defined __stub___alloca
| choke me
| #endif
| 
| int
| main ()
| {
| return alloca ();
|   ;
|   return 0;
| }
configure:12563: result: no
configure:12563: checking for atexit
configure:12563: gcc -o conftest -g -O2   conftest.c  >&5
configure:12563: $? = 0
configure:12563: result: yes
configure:12563: checking for atoi
configure:12563: gcc -o conftest -g -O2   conftest.c  >&5
configure:12563: $? = 0
configure:12563: result: yes
configure:12563: checking for atol
configure:12563: gcc -o conftest -g -O2   conftest.c  >&5
configure:12563: $? = 0
configure:12563: result: yes
configure:12563: checking for chmod
configure:12563: gcc -o conftest -g -O2   conftest.c  >&5
configure:12563: $? = 0
configure:12563: result: yes
configure:12563: checking for chown
configure:12563: gcc -o conftest -g -O2   conftest.c  >&5
configure:12563: $? = 0
configure:12563: result: yes
configure:12563: checking for clock_getcpuclockid
configure:12563: gcc -o conftest -g -O2   conftest.c  >&5
/tmp/cckoOhzl.o: In function `main':
/home/eric/project/fl2440/mtd-utiles/lzo-2.04/conftest.c:118: undefined reference to `clock_getcpuclockid'
collect2: ld returned 1 exit status
configure:12563: $? = 1
configure: failed program was:
| /* confdefs.h */
| #define PACKAGE_NAME "LZO"
| #define PACKAGE_TARNAME "lzo"
| #define PACKAGE_VERSION "2.04"
| #define PACKAGE_STRING "LZO 2.04"
| #define PACKAGE_BUGREPORT "markus@oberhumer.com"
| #define PACKAGE_URL "http://www.oberhumer.com/opensource/lzo/"
| #define STDC_HEADERS 1
| #define HAVE_SYS_TYPES_H 1
| #define HAVE_SYS_STAT_H 1
| #define HAVE_STDLIB_H 1
| #define HAVE_STRING_H 1
| #define HAVE_MEMORY_H 1
| #define HAVE_STRINGS_H 1
| #define HAVE_INTTYPES_H 1
| #define HAVE_STDINT_H 1
| #define HAVE_UNISTD_H 1
| #define LZO_ABI_LITTLE_ENDIAN 1
| #define _FILE_OFFSET_BITS 64
| #define PACKAGE "lzo"
| #define VERSION "2.04"
| #define HAVE_DLFCN_H 1
| #define LT_OBJDIR ".libs/"
| #define TIME_WITH_SYS_TIME 1
| #define HAVE_ASSERT_H 1
| #define HAVE_CTYPE_H 1
| #define HAVE_DIRENT_H 1
| #define HAVE_ERRNO_H 1
| #define HAVE_FCNTL_H 1
| #define HAVE_FLOAT_H 1
| #define HAVE_LIMITS_H 1
| #define HAVE_MALLOC_H 1
| #define HAVE_MEMORY_H 1
| #define HAVE_SETJMP_H 1
| #define HAVE_SIGNAL_H 1
| #define HAVE_STDARG_H 1
| #define HAVE_STDDEF_H 1
| #define HAVE_STDINT_H 1
| #define HAVE_STDIO_H 1
| #define HAVE_STDLIB_H 1
| #define HAVE_STRING_H 1
| #define HAVE_STRINGS_H 1
| #define HAVE_TIME_H 1
| #define HAVE_UNISTD_H 1
| #define HAVE_UTIME_H 1
| #define HAVE_SYS_MMAN_H 1
| #define HAVE_SYS_RESOURCE_H 1
| #define HAVE_SYS_STAT_H 1
| #define HAVE_SYS_TIME_H 1
| #define HAVE_SYS_TYPES_H 1
| #define HAVE_SYS_WAIT_H 1
| #define RETSIGTYPE void
| #define SIZEOF_SHORT 2
| #define SIZEOF_INT 4
| #define SIZEOF_LONG 4
| #define SIZEOF_LONG_LONG 8
| #define SIZEOF___INT16 0
| #define SIZEOF___INT32 0
| #define SIZEOF___INT64 0
| #define SIZEOF_VOID_P 4
| #define SIZEOF_SIZE_T 4
| #define SIZEOF_PTRDIFF_T 4
| #define SIZEOF___INT32 0
| #define SIZEOF_INTMAX_T 8
| #define SIZEOF_UINTMAX_T 8
| #define SIZEOF_INTPTR_T 4
| #define SIZEOF_UINTPTR_T 4
| #define SIZEOF_FLOAT 4
| #define SIZEOF_DOUBLE 8
| #define SIZEOF_LONG_DOUBLE 12
| #define SIZEOF_DEV_T 8
| #define SIZEOF_FPOS_T 16
| #define SIZEOF_MODE_T 4
| #define SIZEOF_OFF_T 8
| #define SIZEOF_SSIZE_T 4
| #define SIZEOF_TIME_T 4
| #define HAVE_ACCESS 1
| #define HAVE_ATEXIT 1
| #define HAVE_ATOI 1
| #define HAVE_ATOL 1
| #define HAVE_CHMOD 1
| #define HAVE_CHOWN 1
| /* end confdefs.h.  */
| /* Define clock_getcpuclockid to an innocuous variant, in case <limits.h> declares clock_getcpuclockid.
|    For example, HP-UX 11i <limits.h> declares gettimeofday.  */
| #define clock_getcpuclockid innocuous_clock_getcpuclockid
| 
| /* System header to define __stub macros and hopefully few prototypes,
|     which can conflict with char clock_getcpuclockid (); below.
|     Prefer <limits.h> to <assert.h> if __STDC__ is defined, since
|     <limits.h> exists even on freestanding compilers.  */
| 
| #ifdef __STDC__
| # include <limits.h>
| #else
| # include <assert.h>
| #endif
| 
| #undef clock_getcpuclockid
| 
| /* Override any GCC internal prototype to avoid an error.
|    Use char because int might match the return type of a GCC
|    builtin and then its argument prototype would still apply.  */
| #ifdef __cplusplus
| extern "C"
| #endif
| char clock_getcpuclockid ();
| /* The GNU C library defines this for functions which it implements
|     to always fail with ENOSYS.  Some functions are actually named
|     something starting with __ and the normal name is an alias.  */
| #if defined __stub_clock_getcpuclockid || defined __stub___clock_getcpuclockid
| choke me
| #endif
| 
| int
| main ()
| {
| return clock_getcpuclockid ();
|   ;
|   return 0;
| }
configure:12563: result: no
configure:12563: checking for clock_getres
configure:12563: gcc -o conftest -g -O2   conftest.c  >&5
/tmp/ccOYxuDh.o: In function `main':
/home/eric/project/fl2440/mtd-utiles/lzo-2.04/conftest.c:118: undefined reference to `clock_getres'
collect2: ld returned 1 exit status
configure:12563: $? = 1
configure: failed program was:
| /* confdefs.h */
| #define PACKAGE_NAME "LZO"
| #define PACKAGE_TARNAME "lzo"
| #define PACKAGE_VERSION "2.04"
| #define PACKAGE_STRING "LZO 2.04"
| #define PACKAGE_BUGREPORT "markus@oberhumer.com"
| #define PACKAGE_URL "http://www.oberhumer.com/opensource/lzo/"
| #define STDC_HEADERS 1
| #define HAVE_SYS_TYPES_H 1
| #define HAVE_SYS_STAT_H 1
| #define HAVE_STDLIB_H 1
| #define HAVE_STRING_H 1
| #define HAVE_MEMORY_H 1
| #define HAVE_STRINGS_H 1
| #define HAVE_INTTYPES_H 1
| #define HAVE_STDINT_H 1
| #define HAVE_UNISTD_H 1
| #define LZO_ABI_LITTLE_ENDIAN 1
| #define _FILE_OFFSET_BITS 64
| #define PACKAGE "lzo"
| #define VERSION "2.04"
| #define HAVE_DLFCN_H 1
| #define LT_OBJDIR ".libs/"
| #define TIME_WITH_SYS_TIME 1
| #define HAVE_ASSERT_H 1
| #define HAVE_CTYPE_H 1
| #define HAVE_DIRENT_H 1
| #define HAVE_ERRNO_H 1
| #define HAVE_FCNTL_H 1
| #define HAVE_FLOAT_H 1
| #define HAVE_LIMITS_H 1
| #define HAVE_MALLOC_H 1
| #define HAVE_MEMORY_H 1
| #define HAVE_SETJMP_H 1
| #define HAVE_SIGNAL_H 1
| #define HAVE_STDARG_H 1
| #define HAVE_STDDEF_H 1
| #define HAVE_STDINT_H 1
| #define HAVE_STDIO_H 1
| #define HAVE_STDLIB_H 1
| #define HAVE_STRING_H 1
| #define HAVE_STRINGS_H 1
| #define HAVE_TIME_H 1
| #define HAVE_UNISTD_H 1
| #define HAVE_UTIME_H 1
| #define HAVE_SYS_MMAN_H 1
| #define HAVE_SYS_RESOURCE_H 1
| #define HAVE_SYS_STAT_H 1
| #define HAVE_SYS_TIME_H 1
| #define HAVE_SYS_TYPES_H 1
| #define HAVE_SYS_WAIT_H 1
| #define RETSIGTYPE void
| #define SIZEOF_SHORT 2
| #define SIZEOF_INT 4
| #define SIZEOF_LONG 4
| #define SIZEOF_LONG_LONG 8
| #define SIZEOF___INT16 0
| #define SIZEOF___INT32 0
| #define SIZEOF___INT64 0
| #define SIZEOF_VOID_P 4
| #define SIZEOF_SIZE_T 4
| #define SIZEOF_PTRDIFF_T 4
| #define SIZEOF___INT32 0
| #define SIZEOF_INTMAX_T 8
| #define SIZEOF_UINTMAX_T 8
| #define SIZEOF_INTPTR_T 4
| #define SIZEOF_UINTPTR_T 4
| #define SIZEOF_FLOAT 4
| #define SIZEOF_DOUBLE 8
| #define SIZEOF_LONG_DOUBLE 12
| #define SIZEOF_DEV_T 8
| #define SIZEOF_FPOS_T 16
| #define SIZEOF_MODE_T 4
| #define SIZEOF_OFF_T 8
| #define SIZEOF_SSIZE_T 4
| #define SIZEOF_TIME_T 4
| #define HAVE_ACCESS 1
| #define HAVE_ATEXIT 1
| #define HAVE_ATOI 1
| #define HAVE_ATOL 1
| #define HAVE_CHMOD 1
| #define HAVE_CHOWN 1
| /* end confdefs.h.  */
| /* Define clock_getres to an innocuous variant, in case <limits.h> declares clock_getres.
|    For example, HP-UX 11i <limits.h> declares gettimeofday.  */
| #define clock_getres innocuous_clock_getres
| 
| /* System header to define __stub macros and hopefully few prototypes,
|     which can conflict with char clock_getres (); below.
|     Prefer <limits.h> to <assert.h> if __STDC__ is defined, since
|     <limits.h> exists even on freestanding compilers.  */
| 
| #ifdef __STDC__
| # include <limits.h>
| #else
| # include <assert.h>
| #endif
| 
| #undef clock_getres
| 
| /* Override any GCC internal prototype to avoid an error.
|    Use char because int might match the return type of a GCC
|    builtin and then its argument prototype would still apply.  */
| #ifdef __cplusplus
| extern "C"
| #endif
| char clock_getres ();
| /* The GNU C library defines this for functions which it implements
|     to always fail with ENOSYS.  Some functions are actually named
|     something starting with __ and the normal name is an alias.  */
| #if defined __stub_clock_getres || defined __stub___clock_getres
| choke me
| #endif
| 
| int
| main ()
| {
| return clock_getres ();
|   ;
|   return 0;
| }
configure:12563: result: no
configure:12563: checking for clock_gettime
configure:12563: gcc -o conftest -g -O2   conftest.c  >&5
/tmp/ccfg9hEq.o: In function `main':
/home/eric/project/fl2440/mtd-utiles/lzo-2.04/conftest.c:118: undefined reference to `clock_gettime'
collect2: ld returned 1 exit status
configure:12563: $? = 1
configure: failed program was:
| /* confdefs.h */
| #define PACKAGE_NAME "LZO"
| #define PACKAGE_TARNAME "lzo"
| #define PACKAGE_VERSION "2.04"
| #define PACKAGE_STRING "LZO 2.04"
| #define PACKAGE_BUGREPORT "markus@oberhumer.com"
| #define PACKAGE_URL "http://www.oberhumer.com/opensource/lzo/"
| #define STDC_HEADERS 1
| #define HAVE_SYS_TYPES_H 1
| #define HAVE_SYS_STAT_H 1
| #define HAVE_STDLIB_H 1
| #define HAVE_STRING_H 1
| #define HAVE_MEMORY_H 1
| #define HAVE_STRINGS_H 1
| #define HAVE_INTTYPES_H 1
| #define HAVE_STDINT_H 1
| #define HAVE_UNISTD_H 1
| #define LZO_ABI_LITTLE_ENDIAN 1
| #define _FILE_OFFSET_BITS 64
| #define PACKAGE "lzo"
| #define VERSION "2.04"
| #define HAVE_DLFCN_H 1
| #define LT_OBJDIR ".libs/"
| #define TIME_WITH_SYS_TIME 1
| #define HAVE_ASSERT_H 1
| #define HAVE_CTYPE_H 1
| #define HAVE_DIRENT_H 1
| #define HAVE_ERRNO_H 1
| #define HAVE_FCNTL_H 1
| #define HAVE_FLOAT_H 1
| #define HAVE_LIMITS_H 1
| #define HAVE_MALLOC_H 1
| #define HAVE_MEMORY_H 1
| #define HAVE_SETJMP_H 1
| #define HAVE_SIGNAL_H 1
| #define HAVE_STDARG_H 1
| #define HAVE_STDDEF_H 1
| #define HAVE_STDINT_H 1
| #define HAVE_STDIO_H 1
| #define HAVE_STDLIB_H 1
| #define HAVE_STRING_H 1
| #define HAVE_STRINGS_H 1
| #define HAVE_TIME_H 1
| #define HAVE_UNISTD_H 1
| #define HAVE_UTIME_H 1
| #define HAVE_SYS_MMAN_H 1
| #define HAVE_SYS_RESOURCE_H 1
| #define HAVE_SYS_STAT_H 1
| #define HAVE_SYS_TIME_H 1
| #define HAVE_SYS_TYPES_H 1
| #define HAVE_SYS_WAIT_H 1
| #define RETSIGTYPE void
| #define SIZEOF_SHORT 2
| #define SIZEOF_INT 4
| #define SIZEOF_LONG 4
| #define SIZEOF_LONG_LONG 8
| #define SIZEOF___INT16 0
| #define SIZEOF___INT32 0
| #define SIZEOF___INT64 0
| #define SIZEOF_VOID_P 4
| #define SIZEOF_SIZE_T 4
| #define SIZEOF_PTRDIFF_T 4
| #define SIZEOF___INT32 0
| #define SIZEOF_INTMAX_T 8
| #define SIZEOF_UINTMAX_T 8
| #define SIZEOF_INTPTR_T 4
| #define SIZEOF_UINTPTR_T 4
| #define SIZEOF_FLOAT 4
| #define SIZEOF_DOUBLE 8
| #define SIZEOF_LONG_DOUBLE 12
| #define SIZEOF_DEV_T 8
| #define SIZEOF_FPOS_T 16
| #define SIZEOF_MODE_T 4
| #define SIZEOF_OFF_T 8
| #define SIZEOF_SSIZE_T 4
| #define SIZEOF_TIME_T 4
| #define HAVE_ACCESS 1
| #define HAVE_ATEXIT 1
| #define HAVE_ATOI 1
| #define HAVE_ATOL 1
| #define HAVE_CHMOD 1
| #define HAVE_CHOWN 1
| /* end confdefs.h.  */
| /* Define clock_gettime to an innocuous variant, in case <limits.h> declares clock_gettime.
|    For example, HP-UX 11i <limits.h> declares gettimeofday.  */
| #define clock_gettime innocuous_clock_gettime
| 
| /* System header to define __stub macros and hopefully few prototypes,
|     which can conflict with char clock_gettime (); below.
|     Prefer <limits.h> to <assert.h> if __STDC__ is defined, since
|     <limits.h> exists even on freestanding compilers.  */
| 
| #ifdef __STDC__
| # include <limits.h>
| #else
| # include <assert.h>
| #endif
| 
| #undef clock_gettime
| 
| /* Override any GCC internal prototype to avoid an error.
|    Use char because int might match the return type of a GCC
|    builtin and then its argument prototype would still apply.  */
| #ifdef __cplusplus
| extern "C"
| #endif
| char clock_gettime ();
| /* The GNU C library defines this for functions which it implements
|     to always fail with ENOSYS.  Some functions are actually named
|     something starting with __ and the normal name is an alias.  */
| #if defined __stub_clock_gettime || defined __stub___clock_gettime
| choke me
| #endif
| 
| int
| main ()
| {
| return clock_gettime ();
|   ;
|   return 0;
| }
configure:12563: result: no
configure:12563: checking for ctime
configure:12563: gcc -o conftest -g -O2   conftest.c  >&5
configure:12563: $? = 0
configure:12563: result: yes
configure:12563: checking for difftime
configure:12563: gcc -o conftest -g -O2   conftest.c  >&5
configure:12563: $? = 0
configure:12563: result: yes
configure:12563: checking for fstat
configure:12563: gcc -o conftest -g -O2   conftest.c  >&5
configure:12563: $? = 0
configure:12563: result: yes
configure:12563: checking for getenv
configure:12563: gcc -o conftest -g -O2   conftest.c  >&5
configure:12563: $? = 0
configure:12563: result: yes
configure:12563: checking for getpagesize
configure:12563: gcc -o conftest -g -O2   conftest.c  >&5
configure:12563: $? = 0
configure:12563: result: yes
configure:12563: checking for getrusage
configure:12563: gcc -o conftest -g -O2   conftest.c  >&5
configure:12563: $? = 0
configure:12563: result: yes
configure:12563: checking for gettimeofday
configure:12563: gcc -o conftest -g -O2   conftest.c  >&5
configure:12563: $? = 0
configure:12563: result: yes
configure:12563: checking for gmtime
configure:12563: gcc -o conftest -g -O2   conftest.c  >&5
configure:12563: $? = 0
configure:12563: result: yes
configure:12563: checking for isatty
configure:12563: gcc -o conftest -g -O2   conftest.c  >&5
configure:12563: $? = 0
configure:12563: result: yes
configure:12563: checking for localtime
configure:12563: gcc -o conftest -g -O2   conftest.c  >&5
configure:12563: $? = 0
configure:12563: result: yes
configure:12563: checking for longjmp
configure:12563: gcc -o conftest -g -O2   conftest.c  >&5
configure:12563: $? = 0
configure:12563: result: yes
configure:12563: checking for lstat
configure:12563: gcc -o conftest -g -O2   conftest.c  >&5
configure:12563: $? = 0
configure:12563: result: yes
configure:12563: checking for memcmp
configure:12563: gcc -o conftest -g -O2   conftest.c  >&5
conftest.c:119: warning: conflicting types for built-in function 'memcmp'
configure:12563: $? = 0
configure:12563: result: yes
configure:12563: checking for memcpy
configure:12563: gcc -o conftest -g -O2   conftest.c  >&5
conftest.c:120: warning: conflicting types for built-in function 'memcpy'
configure:12563: $? = 0
configure:12563: result: yes
configure:12563: checking for memmove
configure:12563: gcc -o conftest -g -O2   conftest.c  >&5
conftest.c:121: warning: conflicting types for built-in function 'memmove'
configure:12563: $? = 0
configure:12563: result: yes
configure:12563: checking for memset
configure:12563: gcc -o conftest -g -O2   conftest.c  >&5
conftest.c:122: warning: conflicting types for built-in function 'memset'
configure:12563: $? = 0
configure:12563: result: yes
configure:12563: checking for mkdir
configure:12563: gcc -o conftest -g -O2   conftest.c  >&5
configure:12563: $? = 0
configure:12563: result: yes
configure:12563: checking for mktime
configure:12563: gcc -o conftest -g -O2   conftest.c  >&5
configure:12563: $? = 0
configure:12563: result: yes
configure:12563: checking for mmap
configure:12563: gcc -o conftest -g -O2   conftest.c  >&5
configure:12563: $? = 0
configure:12563: result: yes
configure:12563: checking for mprotect
configure:12563: gcc -o conftest -g -O2   conftest.c  >&5
configure:12563: $? = 0
configure:12563: result: yes
configure:12563: checking for munmap
configure:12563: gcc -o conftest -g -O2   conftest.c  >&5
configure:12563: $? = 0
configure:12563: result: yes
configure:12563: checking for qsort
configure:12563: gcc -o conftest -g -O2   conftest.c  >&5
configure:12563: $? = 0
configure:12563: result: yes
configure:12563: checking for raise
configure:12563: gcc -o conftest -g -O2   conftest.c  >&5
configure:12563: $? = 0
configure:12563: result: yes
configure:12563: checking for rmdir
configure:12563: gcc -o conftest -g -O2   conftest.c  >&5
configure:12563: $? = 0
configure:12563: result: yes
configure:12563: checking for setjmp
configure:12563: gcc -o conftest -g -O2   conftest.c  >&5
configure:12563: $? = 0
configure:12563: result: yes
configure:12563: checking for signal
configure:12563: gcc -o conftest -g -O2   conftest.c  >&5
configure:12563: $? = 0
configure:12563: result: yes
configure:12563: checking for snprintf
configure:12563: gcc -o conftest -g -O2   conftest.c  >&5
conftest.c:133: warning: conflicting types for built-in function 'snprintf'
configure:12563: $? = 0
configure:12563: result: yes
configure:12563: checking for strcasecmp
configure:12563: gcc -o conftest -g -O2   conftest.c  >&5
conftest.c:134: warning: conflicting types for built-in function 'strcasecmp'
configure:12563: $? = 0
configure:12563: result: yes
configure:12563: checking for strchr
configure:12563: gcc -o conftest -g -O2   conftest.c  >&5
conftest.c:135: warning: conflicting types for built-in function 'strchr'
configure:12563: $? = 0
configure:12563: result: yes
configure:12563: checking for strdup
configure:12563: gcc -o conftest -g -O2   conftest.c  >&5
conftest.c:136: warning: conflicting types for built-in function 'strdup'
configure:12563: $? = 0
configure:12563: result: yes
configure:12563: checking for strerror
configure:12563: gcc -o conftest -g -O2   conftest.c  >&5
configure:12563: $? = 0
configure:12563: result: yes
configure:12563: checking for strftime
configure:12563: gcc -o conftest -g -O2   conftest.c  >&5
conftest.c:138: warning: conflicting types for built-in function 'strftime'
configure:12563: $? = 0
configure:12563: result: yes
configure:12563: checking for stricmp
configure:12563: gcc -o conftest -g -O2   conftest.c  >&5
/tmp/ccrXUmZD.o: In function `main':
/home/eric/project/fl2440/mtd-utiles/lzo-2.04/conftest.c:150: undefined reference to `stricmp'
collect2: ld returned 1 exit status
configure:12563: $? = 1
configure: failed program was:
| /* confdefs.h */
| #define PACKAGE_NAME "LZO"
| #define PACKAGE_TARNAME "lzo"
| #define PACKAGE_VERSION "2.04"
| #define PACKAGE_STRING "LZO 2.04"
| #define PACKAGE_BUGREPORT "markus@oberhumer.com"
| #define PACKAGE_URL "http://www.oberhumer.com/opensource/lzo/"
| #define STDC_HEADERS 1
| #define HAVE_SYS_TYPES_H 1
| #define HAVE_SYS_STAT_H 1
| #define HAVE_STDLIB_H 1
| #define HAVE_STRING_H 1
| #define HAVE_MEMORY_H 1
| #define HAVE_STRINGS_H 1
| #define HAVE_INTTYPES_H 1
| #define HAVE_STDINT_H 1
| #define HAVE_UNISTD_H 1
| #define LZO_ABI_LITTLE_ENDIAN 1
| #define _FILE_OFFSET_BITS 64
| #define PACKAGE "lzo"
| #define VERSION "2.04"
| #define HAVE_DLFCN_H 1
| #define LT_OBJDIR ".libs/"
| #define TIME_WITH_SYS_TIME 1
| #define HAVE_ASSERT_H 1
| #define HAVE_CTYPE_H 1
| #define HAVE_DIRENT_H 1
| #define HAVE_ERRNO_H 1
| #define HAVE_FCNTL_H 1
| #define HAVE_FLOAT_H 1
| #define HAVE_LIMITS_H 1
| #define HAVE_MALLOC_H 1
| #define HAVE_MEMORY_H 1
| #define HAVE_SETJMP_H 1
| #define HAVE_SIGNAL_H 1
| #define HAVE_STDARG_H 1
| #define HAVE_STDDEF_H 1
| #define HAVE_STDINT_H 1
| #define HAVE_STDIO_H 1
| #define HAVE_STDLIB_H 1
| #define HAVE_STRING_H 1
| #define HAVE_STRINGS_H 1
| #define HAVE_TIME_H 1
| #define HAVE_UNISTD_H 1
| #define HAVE_UTIME_H 1
| #define HAVE_SYS_MMAN_H 1
| #define HAVE_SYS_RESOURCE_H 1
| #define HAVE_SYS_STAT_H 1
| #define HAVE_SYS_TIME_H 1
| #define HAVE_SYS_TYPES_H 1
| #define HAVE_SYS_WAIT_H 1
| #define RETSIGTYPE void
| #define SIZEOF_SHORT 2
| #define SIZEOF_INT 4
| #define SIZEOF_LONG 4
| #define SIZEOF_LONG_LONG 8
| #define SIZEOF___INT16 0
| #define SIZEOF___INT32 0
| #define SIZEOF___INT64 0
| #define SIZEOF_VOID_P 4
| #define SIZEOF_SIZE_T 4
| #define SIZEOF_PTRDIFF_T 4
| #define SIZEOF___INT32 0
| #define SIZEOF_INTMAX_T 8
| #define SIZEOF_UINTMAX_T 8
| #define SIZEOF_INTPTR_T 4
| #define SIZEOF_UINTPTR_T 4
| #define SIZEOF_FLOAT 4
| #define SIZEOF_DOUBLE 8
| #define SIZEOF_LONG_DOUBLE 12
| #define SIZEOF_DEV_T 8
| #define SIZEOF_FPOS_T 16
| #define SIZEOF_MODE_T 4
| #define SIZEOF_OFF_T 8
| #define SIZEOF_SSIZE_T 4
| #define SIZEOF_TIME_T 4
| #define HAVE_ACCESS 1
| #define HAVE_ATEXIT 1
| #define HAVE_ATOI 1
| #define HAVE_ATOL 1
| #define HAVE_CHMOD 1
| #define HAVE_CHOWN 1
| #define HAVE_CTIME 1
| #define HAVE_DIFFTIME 1
| #define HAVE_FSTAT 1
| #define HAVE_GETENV 1
| #define HAVE_GETPAGESIZE 1
| #define HAVE_GETRUSAGE 1
| #define HAVE_GETTIMEOFDAY 1
| #define HAVE_GMTIME 1
| #define HAVE_ISATTY 1
| #define HAVE_LOCALTIME 1
| #define HAVE_LONGJMP 1
| #define HAVE_LSTAT 1
| #define HAVE_MEMCMP 1
| #define HAVE_MEMCPY 1
| #define HAVE_MEMMOVE 1
| #define HAVE_MEMSET 1
| #define HAVE_MKDIR 1
| #define HAVE_MKTIME 1
| #define HAVE_MMAP 1
| #define HAVE_MPROTECT 1
| #define HAVE_MUNMAP 1
| #define HAVE_QSORT 1
| #define HAVE_RAISE 1
| #define HAVE_RMDIR 1
| #define HAVE_SETJMP 1
| #define HAVE_SIGNAL 1
| #define HAVE_SNPRINTF 1
| #define HAVE_STRCASECMP 1
| #define HAVE_STRCHR 1
| #define HAVE_STRDUP 1
| #define HAVE_STRERROR 1
| #define HAVE_STRFTIME 1
| /* end confdefs.h.  */
| /* Define stricmp to an innocuous variant, in case <limits.h> declares stricmp.
|    For example, HP-UX 11i <limits.h> declares gettimeofday.  */
| #define stricmp innocuous_stricmp
| 
| /* System header to define __stub macros and hopefully few prototypes,
|     which can conflict with char stricmp (); below.
|     Prefer <limits.h> to <assert.h> if __STDC__ is defined, since
|     <limits.h> exists even on freestanding compilers.  */
| 
| #ifdef __STDC__
| # include <limits.h>
| #else
| # include <assert.h>
| #endif
| 
| #undef stricmp
| 
| /* Override any GCC internal prototype to avoid an error.
|    Use char because int might match the return type of a GCC
|    builtin and then its argument prototype would still apply.  */
| #ifdef __cplusplus
| extern "C"
| #endif
| char stricmp ();
| /* The GNU C library defines this for functions which it implements
|     to always fail with ENOSYS.  Some functions are actually named
|     something starting with __ and the normal name is an alias.  */
| #if defined __stub_stricmp || defined __stub___stricmp
| choke me
| #endif
| 
| int
| main ()
| {
| return stricmp ();
|   ;
|   return 0;
| }
configure:12563: result: no
configure:12563: checking for strncasecmp
configure:12563: gcc -o conftest -g -O2   conftest.c  >&5
conftest.c:139: warning: conflicting types for built-in function 'strncasecmp'
configure:12563: $? = 0
configure:12563: result: yes
configure:12563: checking for strnicmp
configure:12563: gcc -o conftest -g -O2   conftest.c  >&5
/tmp/cctueo9Q.o: In function `main':
/home/eric/project/fl2440/mtd-utiles/lzo-2.04/conftest.c:151: undefined reference to `strnicmp'
collect2: ld returned 1 exit status
configure:12563: $? = 1
configure: failed program was:
| /* confdefs.h */
| #define PACKAGE_NAME "LZO"
| #define PACKAGE_TARNAME "lzo"
| #define PACKAGE_VERSION "2.04"
| #define PACKAGE_STRING "LZO 2.04"
| #define PACKAGE_BUGREPORT "markus@oberhumer.com"
| #define PACKAGE_URL "http://www.oberhumer.com/opensource/lzo/"
| #define STDC_HEADERS 1
| #define HAVE_SYS_TYPES_H 1
| #define HAVE_SYS_STAT_H 1
| #define HAVE_STDLIB_H 1
| #define HAVE_STRING_H 1
| #define HAVE_MEMORY_H 1
| #define HAVE_STRINGS_H 1
| #define HAVE_INTTYPES_H 1
| #define HAVE_STDINT_H 1
| #define HAVE_UNISTD_H 1
| #define LZO_ABI_LITTLE_ENDIAN 1
| #define _FILE_OFFSET_BITS 64
| #define PACKAGE "lzo"
| #define VERSION "2.04"
| #define HAVE_DLFCN_H 1
| #define LT_OBJDIR ".libs/"
| #define TIME_WITH_SYS_TIME 1
| #define HAVE_ASSERT_H 1
| #define HAVE_CTYPE_H 1
| #define HAVE_DIRENT_H 1
| #define HAVE_ERRNO_H 1
| #define HAVE_FCNTL_H 1
| #define HAVE_FLOAT_H 1
| #define HAVE_LIMITS_H 1
| #define HAVE_MALLOC_H 1
| #define HAVE_MEMORY_H 1
| #define HAVE_SETJMP_H 1
| #define HAVE_SIGNAL_H 1
| #define HAVE_STDARG_H 1
| #define HAVE_STDDEF_H 1
| #define HAVE_STDINT_H 1
| #define HAVE_STDIO_H 1
| #define HAVE_STDLIB_H 1
| #define HAVE_STRING_H 1
| #define HAVE_STRINGS_H 1
| #define HAVE_TIME_H 1
| #define HAVE_UNISTD_H 1
| #define HAVE_UTIME_H 1
| #define HAVE_SYS_MMAN_H 1
| #define HAVE_SYS_RESOURCE_H 1
| #define HAVE_SYS_STAT_H 1
| #define HAVE_SYS_TIME_H 1
| #define HAVE_SYS_TYPES_H 1
| #define HAVE_SYS_WAIT_H 1
| #define RETSIGTYPE void
| #define SIZEOF_SHORT 2
| #define SIZEOF_INT 4
| #define SIZEOF_LONG 4
| #define SIZEOF_LONG_LONG 8
| #define SIZEOF___INT16 0
| #define SIZEOF___INT32 0
| #define SIZEOF___INT64 0
| #define SIZEOF_VOID_P 4
| #define SIZEOF_SIZE_T 4
| #define SIZEOF_PTRDIFF_T 4
| #define SIZEOF___INT32 0
| #define SIZEOF_INTMAX_T 8
| #define SIZEOF_UINTMAX_T 8
| #define SIZEOF_INTPTR_T 4
| #define SIZEOF_UINTPTR_T 4
| #define SIZEOF_FLOAT 4
| #define SIZEOF_DOUBLE 8
| #define SIZEOF_LONG_DOUBLE 12
| #define SIZEOF_DEV_T 8
| #define SIZEOF_FPOS_T 16
| #define SIZEOF_MODE_T 4
| #define SIZEOF_OFF_T 8
| #define SIZEOF_SSIZE_T 4
| #define SIZEOF_TIME_T 4
| #define HAVE_ACCESS 1
| #define HAVE_ATEXIT 1
| #define HAVE_ATOI 1
| #define HAVE_ATOL 1
| #define HAVE_CHMOD 1
| #define HAVE_CHOWN 1
| #define HAVE_CTIME 1
| #define HAVE_DIFFTIME 1
| #define HAVE_FSTAT 1
| #define HAVE_GETENV 1
| #define HAVE_GETPAGESIZE 1
| #define HAVE_GETRUSAGE 1
| #define HAVE_GETTIMEOFDAY 1
| #define HAVE_GMTIME 1
| #define HAVE_ISATTY 1
| #define HAVE_LOCALTIME 1
| #define HAVE_LONGJMP 1
| #define HAVE_LSTAT 1
| #define HAVE_MEMCMP 1
| #define HAVE_MEMCPY 1
| #define HAVE_MEMMOVE 1
| #define HAVE_MEMSET 1
| #define HAVE_MKDIR 1
| #define HAVE_MKTIME 1
| #define HAVE_MMAP 1
| #define HAVE_MPROTECT 1
| #define HAVE_MUNMAP 1
| #define HAVE_QSORT 1
| #define HAVE_RAISE 1
| #define HAVE_RMDIR 1
| #define HAVE_SETJMP 1
| #define HAVE_SIGNAL 1
| #define HAVE_SNPRINTF 1
| #define HAVE_STRCASECMP 1
| #define HAVE_STRCHR 1
| #define HAVE_STRDUP 1
| #define HAVE_STRERROR 1
| #define HAVE_STRFTIME 1
| #define HAVE_STRNCASECMP 1
| /* end confdefs.h.  */
| /* Define strnicmp to an innocuous variant, in case <limits.h> declares strnicmp.
|    For example, HP-UX 11i <limits.h> declares gettimeofday.  */
| #define strnicmp innocuous_strnicmp
| 
| /* System header to define __stub macros and hopefully few prototypes,
|     which can conflict with char strnicmp (); below.
|     Prefer <limits.h> to <assert.h> if __STDC__ is defined, since
|     <limits.h> exists even on freestanding compilers.  */
| 
| #ifdef __STDC__
| # include <limits.h>
| #else
| # include <assert.h>
| #endif
| 
| #undef strnicmp
| 
| /* Override any GCC internal prototype to avoid an error.
|    Use char because int might match the return type of a GCC
|    builtin and then its argument prototype would still apply.  */
| #ifdef __cplusplus
| extern "C"
| #endif
| char strnicmp ();
| /* The GNU C library defines this for functions which it implements
|     to always fail with ENOSYS.  Some functions are actually named
|     something starting with __ and the normal name is an alias.  */
| #if defined __stub_strnicmp || defined __stub___strnicmp
| choke me
| #endif
| 
| int
| main ()
| {
| return strnicmp ();
|   ;
|   return 0;
| }
configure:12563: result: no
configure:12563: checking for strrchr
configure:12563: gcc -o conftest -g -O2   conftest.c  >&5
conftest.c:140: warning: conflicting types for built-in function 'strrchr'
configure:12563: $? = 0
configure:12563: result: yes
configure:12563: checking for strstr
configure:12563: gcc -o conftest -g -O2   conftest.c  >&5
conftest.c:141: warning: conflicting types for built-in function 'strstr'
configure:12563: $? = 0
configure:12563: result: yes
configure:12563: checking for time
configure:12563: gcc -o conftest -g -O2   conftest.c  >&5
configure:12563: $? = 0
configure:12563: result: yes
configure:12563: checking for umask
configure:12563: gcc -o conftest -g -O2   conftest.c  >&5
configure:12563: $? = 0
configure:12563: result: yes
configure:12563: checking for utime
configure:12563: gcc -o conftest -g -O2   conftest.c  >&5
configure:12563: $? = 0
configure:12563: result: yes
configure:12563: checking for vsnprintf
configure:12563: gcc -o conftest -g -O2   conftest.c  >&5
conftest.c:145: warning: conflicting types for built-in function 'vsnprintf'
configure:12563: $? = 0
configure:12563: result: yes
configure:12608: checking whether to build assembly versions
configure:12616: gcc -c conftest.S 1>&5
configure:12619: $? = 0
configure:12622: test -s conftest.o
configure:12625: $? = 0
configure:12638: result: yes
configure:12661: checking whether your compiler passes the ACC conformance test
configure:12706: gcc -c -g -O2 -I.  conftest.c >&5
configure:12706: $? = 0
configure:12714: result: yes
configure:12885: creating ./config.status

## ---------------------- ##
## Running config.status. ##
## ---------------------- ##

This file was extended by LZO config.status 2.04, which was
generated by GNU Autoconf 2.67.  Invocation command line was

  CONFIG_FILES    = 
  CONFIG_HEADERS  = 
  CONFIG_LINKS    = 
  CONFIG_COMMANDS = 
  $ ./config.status 

on localhost.localdomain

config.status:1197: creating Makefile
config.status:1197: creating examples/Makefile
config.status:1197: creating include/Makefile
config.status:1197: creating include/lzo/Makefile
config.status:1197: creating lzotest/Makefile
config.status:1197: creating minilzo/Makefile
config.status:1197: creating src/Makefile
config.status:1197: creating tests/Makefile
config.status:1197: creating config.h
config.status:1377: config.h is unchanged
config.status:1425: executing depfiles commands
config.status:1425: executing libtool commands
configure:15116: WARNING: unrecognized options: --enable-elf-shlibs

## ---------------- ##
## Cache variables. ##
## ---------------- ##

ac_cv_build=i686-pc-linux-gnu
ac_cv_c_bigendian=no
ac_cv_c_compiler_gnu=yes
ac_cv_c_const=yes
ac_cv_env_CC_set=
ac_cv_env_CC_value=
ac_cv_env_CFLAGS_set=
ac_cv_env_CFLAGS_value=
ac_cv_env_CPPFLAGS_set=
ac_cv_env_CPPFLAGS_value=
ac_cv_env_CPP_set=
ac_cv_env_CPP_value=
ac_cv_env_LDFLAGS_set=
ac_cv_env_LDFLAGS_value=
ac_cv_env_LIBS_set=
ac_cv_env_LIBS_value=
ac_cv_env_build_alias_set=
ac_cv_env_build_alias_value=
ac_cv_env_host_alias_set=
ac_cv_env_host_alias_value=
ac_cv_env_target_alias_set=
ac_cv_env_target_alias_value=
ac_cv_func_access=yes
ac_cv_func_alloca=no
ac_cv_func_atexit=yes
ac_cv_func_atoi=yes
ac_cv_func_atol=yes
ac_cv_func_chmod=yes
ac_cv_func_chown=yes
ac_cv_func_clock_getcpuclockid=no
ac_cv_func_clock_getres=no
ac_cv_func_clock_gettime=no
ac_cv_func_ctime=yes
ac_cv_func_difftime=yes
ac_cv_func_fstat=yes
ac_cv_func_getenv=yes
ac_cv_func_getpagesize=yes
ac_cv_func_getrusage=yes
ac_cv_func_gettimeofday=yes
ac_cv_func_gmtime=yes
ac_cv_func_isatty=yes
ac_cv_func_localtime=yes
ac_cv_func_longjmp=yes
ac_cv_func_lstat=yes
ac_cv_func_memcmp=yes
ac_cv_func_memcpy=yes
ac_cv_func_memmove=yes
ac_cv_func_memset=yes
ac_cv_func_mkdir=yes
ac_cv_func_mktime=yes
ac_cv_func_mmap=yes
ac_cv_func_mprotect=yes
ac_cv_func_munmap=yes
ac_cv_func_qsort=yes
ac_cv_func_raise=yes
ac_cv_func_rmdir=yes
ac_cv_func_setjmp=yes
ac_cv_func_signal=yes
ac_cv_func_snprintf=yes
ac_cv_func_strcasecmp=yes
ac_cv_func_strchr=yes
ac_cv_func_strdup=yes
ac_cv_func_strerror=yes
ac_cv_func_strftime=yes
ac_cv_func_stricmp=no
ac_cv_func_strncasecmp=yes
ac_cv_func_strnicmp=no
ac_cv_func_strrchr=yes
ac_cv_func_strstr=yes
ac_cv_func_time=yes
ac_cv_func_umask=yes
ac_cv_func_utime=yes
ac_cv_func_vsnprintf=yes
ac_cv_header_assert_h=yes
ac_cv_header_ctype_h=yes
ac_cv_header_dirent_h=yes
ac_cv_header_dlfcn_h=yes
ac_cv_header_errno_h=yes
ac_cv_header_fcntl_h=yes
ac_cv_header_float_h=yes
ac_cv_header_inttypes_h=yes
ac_cv_header_limits_h=yes
ac_cv_header_malloc_h=yes
ac_cv_header_memory_h=yes
ac_cv_header_setjmp_h=yes
ac_cv_header_signal_h=yes
ac_cv_header_stdarg_h=yes
ac_cv_header_stdc=yes
ac_cv_header_stddef_h=yes
ac_cv_header_stdint_h=yes
ac_cv_header_stdio_h=yes
ac_cv_header_stdlib_h=yes
ac_cv_header_string_h=yes
ac_cv_header_strings_h=yes
ac_cv_header_sys_mman_h=yes
ac_cv_header_sys_resource_h=yes
ac_cv_header_sys_stat_h=yes
ac_cv_header_sys_time_h=yes
ac_cv_header_sys_types_h=yes
ac_cv_header_sys_wait_h=yes
ac_cv_header_time=yes
ac_cv_header_time_h=yes
ac_cv_header_unistd_h=yes
ac_cv_header_utime_h=yes
ac_cv_host=i686-pc-linux-gnu
ac_cv_objext=o
ac_cv_path_EGREP='/bin/grep -E'
ac_cv_path_FGREP='/bin/grep -F'
ac_cv_path_GREP=/bin/grep
ac_cv_path_SED=/bin/sed
ac_cv_path_install='/usr/bin/install -c'
ac_cv_path_mkdir=/bin/mkdir
ac_cv_prog_AWK=gawk
ac_cv_prog_CPP='gcc -E'
ac_cv_prog_ac_ct_AR=ar
ac_cv_prog_ac_ct_CC=gcc
ac_cv_prog_ac_ct_OBJDUMP=objdump
ac_cv_prog_ac_ct_RANLIB=ranlib
ac_cv_prog_ac_ct_STRIP=strip
ac_cv_prog_cc_c89=
ac_cv_prog_cc_g=yes
ac_cv_prog_make_make_set=yes
ac_cv_sizeof___int16=0
ac_cv_sizeof___int32=0
ac_cv_sizeof___int64=0
ac_cv_sizeof_dev_t=8
ac_cv_sizeof_double=8
ac_cv_sizeof_float=4
ac_cv_sizeof_fpos_t=16
ac_cv_sizeof_int=4
ac_cv_sizeof_intmax_t=8
ac_cv_sizeof_intptr_t=4
ac_cv_sizeof_long=4
ac_cv_sizeof_long_double=12
ac_cv_sizeof_long_long=8
ac_cv_sizeof_mode_t=4
ac_cv_sizeof_off_t=8
ac_cv_sizeof_ptrdiff_t=4
ac_cv_sizeof_short=2
ac_cv_sizeof_size_t=4
ac_cv_sizeof_ssize_t=4
ac_cv_sizeof_time_t=4
ac_cv_sizeof_uintmax_t=8
ac_cv_sizeof_uintptr_t=4
ac_cv_sizeof_void_p=4
ac_cv_sys_file_offset_bits=64
ac_cv_sys_largefile_CC=no
ac_cv_target=i686-pc-linux-gnu
ac_cv_type_off_t=yes
ac_cv_type_ptrdiff_t=yes
ac_cv_type_signal=void
ac_cv_type_size_t=yes
am_cv_CC_dependencies_compiler_type=gcc3
lt_cv_deplibs_check_method=pass_all
lt_cv_file_magic_cmd='$MAGIC_CMD'
lt_cv_file_magic_test_file=
lt_cv_ld_reload_flag=-r
lt_cv_nm_interface='BSD nm'
lt_cv_objdir=.libs
lt_cv_path_LD=/usr/bin/ld
lt_cv_path_NM='/usr/bin/nm -B'
lt_cv_prog_compiler_c_o=yes
lt_cv_prog_compiler_pic_works=yes
lt_cv_prog_compiler_rtti_exceptions=no
lt_cv_prog_compiler_static_works=no
lt_cv_prog_gnu_ld=yes
lt_cv_shlibpath_overrides_runpath=no
lt_cv_sys_global_symbol_pipe='sed -n -e '\''s/^.*[	 ]\([ABCDGIRSTW][ABCDGIRSTW]*\)[	 ][	 ]*\([_A-Za-z][_A-Za-z0-9]*\)$/\1 \2 \2/p'\'''
lt_cv_sys_global_symbol_to_c_name_address='sed -n -e '\''s/^: \([^ ]*\) $/  {\"\1\", (void *) 0},/p'\'' -e '\''s/^[ABCDGIRSTW]* \([^ ]*\) \([^ ]*\)$/  {"\2", (void *) \&\2},/p'\'''
lt_cv_sys_global_symbol_to_c_name_address_lib_prefix='sed -n -e '\''s/^: \([^ ]*\) $/  {\"\1\", (void *) 0},/p'\'' -e '\''s/^[ABCDGIRSTW]* \([^ ]*\) \(lib[^ ]*\)$/  {"\2", (void *) \&\2},/p'\'' -e '\''s/^[ABCDGIRSTW]* \([^ ]*\) \([^ ]*\)$/  {"lib\2", (void *) \&\2},/p'\'''
lt_cv_sys_global_symbol_to_cdecl='sed -n -e '\''s/^T .* \(.*\)$/extern int \1();/p'\'' -e '\''s/^[ABCDGIRSTW]* .* \(.*\)$/extern char \1;/p'\'''
lt_cv_sys_max_cmd_len=1966080
mfx_cv_header_sane_limits_h=yes

## ----------------- ##
## Output variables. ##
## ----------------- ##

ACLOCAL='${SHELL} /home/eric/project/fl2440/mtd-utiles/lzo-2.04/autoconf/missing --run aclocal-1.11'
AMDEPBACKSLASH='\'
AMDEP_FALSE='#'
AMDEP_TRUE=''
AMTAR='${SHELL} /home/eric/project/fl2440/mtd-utiles/lzo-2.04/autoconf/missing --run tar'
AM_BACKSLASH='\'
AM_DEFAULT_VERBOSITY='1'
AR='ar'
AUTOCONF='${SHELL} /home/eric/project/fl2440/mtd-utiles/lzo-2.04/autoconf/missing --run autoconf'
AUTOHEADER='${SHELL} /home/eric/project/fl2440/mtd-utiles/lzo-2.04/autoconf/missing --run autoheader'
AUTOMAKE='${SHELL} /home/eric/project/fl2440/mtd-utiles/lzo-2.04/autoconf/missing --run automake-1.11'
AWK='gawk'
CC='gcc'
CCDEPMODE='depmode=gcc3'
CFLAGS='-g -O2'
CPP='gcc -E'
CPPFLAGS='-DLZO_HAVE_CONFIG_H=1 -DLZO_USE_ASM=1'
CYGPATH_W='echo'
DEFS='-DHAVE_CONFIG_H'
DEPDIR='.deps'
DSYMUTIL=''
DUMPBIN=''
ECHO_C=''
ECHO_N='-n'
ECHO_T=''
EGREP='/bin/grep -E'
EXEEXT=''
FGREP='/bin/grep -F'
GREP='/bin/grep'
INSTALL_DATA='${INSTALL} -m 644'
INSTALL_PROGRAM='${INSTALL}'
INSTALL_SCRIPT='${INSTALL}'
INSTALL_STRIP_PROGRAM='$(install_sh) -c -s'
LD='/usr/bin/ld'
LDFLAGS=''
LIBOBJS=''
LIBS=''
LIBTOOL='$(SHELL) $(top_builddir)/libtool'
LIPO=''
LN_S='ln -s'
LTLIBOBJS=''
LZO_ASM_VPATH=':/home/eric/project/fl2440/mtd-utiles/lzo-2.04/asm/i386/src_gas'
LZO_CFLAGS=''
LZO_CPPFLAGS=''
LZO_EXTRA_CFLAGS=''
LZO_EXTRA_CPPFLAGS=''
LZO_USE_ASM_FALSE='#'
LZO_USE_ASM_TRUE=''
MAINT='#'
MAINTAINER_MODE_FALSE=''
MAINTAINER_MODE_TRUE='#'
MAKEINFO='${SHELL} /home/eric/project/fl2440/mtd-utiles/lzo-2.04/autoconf/missing --run makeinfo'
MKDIR_P='/bin/mkdir -p'
NM='/usr/bin/nm -B'
NMEDIT=''
OBJDUMP='objdump'
OBJEXT='o'
OTOOL64=''
OTOOL=''
PACKAGE='lzo'
PACKAGE_BUGREPORT='markus@oberhumer.com'
PACKAGE_NAME='LZO'
PACKAGE_STRING='LZO 2.04'
PACKAGE_TARNAME='lzo'
PACKAGE_URL='http://www.oberhumer.com/opensource/lzo/'
PACKAGE_VERSION='2.04'
PATH_SEPARATOR=':'
RANLIB='ranlib'
SED='/bin/sed'
SET_MAKE=''
SHELL='/bin/sh'
STRIP='strip'
VERSION='2.04'
ac_ct_CC='gcc'
ac_ct_DUMPBIN=''
am__EXEEXT_FALSE=''
am__EXEEXT_TRUE='#'
am__fastdepCC_FALSE='#'
am__fastdepCC_TRUE=''
am__include='include'
am__isrc=''
am__leading_dot='.'
am__quote=''
am__tar='${AMTAR} chof - "$$tardir"'
am__untar='${AMTAR} xf -'
bindir='${exec_prefix}/bin'
build='i686-pc-linux-gnu'
build_alias=''
build_cpu='i686'
build_os='linux-gnu'
build_vendor='pc'
configure_CFLAGS='-g -O2'
configure_CPPFLAGS='-DLZO_HAVE_CONFIG_H=1 -DLZO_USE_ASM=1'
datadir='${datarootdir}'
datarootdir='${prefix}/share'
docdir='${datarootdir}/doc/${PACKAGE_TARNAME}'
dvidir='${docdir}'
exec_prefix='${prefix}'
host='i686-pc-linux-gnu'
host_alias=''
host_cpu='i686'
host_os='linux-gnu'
host_vendor='pc'
htmldir='${docdir}'
includedir='${prefix}/include'
infodir='${datarootdir}/info'
install_sh='${SHELL} /home/eric/project/fl2440/mtd-utiles/lzo-2.04/autoconf/install-sh'
libdir='${exec_prefix}/lib'
libexecdir='${exec_prefix}/libexec'
localedir='${datarootdir}/locale'
localstatedir='${prefix}/var'
mandir='${datarootdir}/man'
mkdir_p='/bin/mkdir -p'
oldincludedir='/usr/include'
pdfdir='${docdir}'
prefix='/usr/local'
program_transform_name='s,x,x,'
psdir='${docdir}'
sbindir='${exec_prefix}/sbin'
sharedstatedir='${prefix}/com'
sysconfdir='${prefix}/etc'
target='i686-pc-linux-gnu'
target_alias=''
target_cpu='i686'
target_os='linux-gnu'
target_vendor='pc'

## ----------- ##
## confdefs.h. ##
## ----------- ##

/* confdefs.h */
#define PACKAGE_NAME "LZO"
#define PACKAGE_TARNAME "lzo"
#define PACKAGE_VERSION "2.04"
#define PACKAGE_STRING "LZO 2.04"
#define PACKAGE_BUGREPORT "markus@oberhumer.com"
#define PACKAGE_URL "http://www.oberhumer.com/opensource/lzo/"
#define STDC_HEADERS 1
#define HAVE_SYS_TYPES_H 1
#define HAVE_SYS_STAT_H 1
#define HAVE_STDLIB_H 1
#define HAVE_STRING_H 1
#define HAVE_MEMORY_H 1
#define HAVE_STRINGS_H 1
#define HAVE_INTTYPES_H 1
#define HAVE_STDINT_H 1
#define HAVE_UNISTD_H 1
#define LZO_ABI_LITTLE_ENDIAN 1
#define _FILE_OFFSET_BITS 64
#define PACKAGE "lzo"
#define VERSION "2.04"
#define HAVE_DLFCN_H 1
#define LT_OBJDIR ".libs/"
#define TIME_WITH_SYS_TIME 1
#define HAVE_ASSERT_H 1
#define HAVE_CTYPE_H 1
#define HAVE_DIRENT_H 1
#define HAVE_ERRNO_H 1
#define HAVE_FCNTL_H 1
#define HAVE_FLOAT_H 1
#define HAVE_LIMITS_H 1
#define HAVE_MALLOC_H 1
#define HAVE_MEMORY_H 1
#define HAVE_SETJMP_H 1
#define HAVE_SIGNAL_H 1
#define HAVE_STDARG_H 1
#define HAVE_STDDEF_H 1
#define HAVE_STDINT_H 1
#define HAVE_STDIO_H 1
#define HAVE_STDLIB_H 1
#define HAVE_STRING_H 1
#define HAVE_STRINGS_H 1
#define HAVE_TIME_H 1
#define HAVE_UNISTD_H 1
#define HAVE_UTIME_H 1
#define HAVE_SYS_MMAN_H 1
#define HAVE_SYS_RESOURCE_H 1
#define HAVE_SYS_STAT_H 1
#define HAVE_SYS_TIME_H 1
#define HAVE_SYS_TYPES_H 1
#define HAVE_SYS_WAIT_H 1
#define RETSIGTYPE void
#define SIZEOF_SHORT 2
#define SIZEOF_INT 4
#define SIZEOF_LONG 4
#define SIZEOF_LONG_LONG 8
#define SIZEOF___INT16 0
#define SIZEOF___INT32 0
#define SIZEOF___INT64 0
#define SIZEOF_VOID_P 4
#define SIZEOF_SIZE_T 4
#define SIZEOF_PTRDIFF_T 4
#define SIZEOF___INT32 0
#define SIZEOF_INTMAX_T 8
#define SIZEOF_UINTMAX_T 8
#define SIZEOF_INTPTR_T 4
#define SIZEOF_UINTPTR_T 4
#define SIZEOF_FLOAT 4
#define SIZEOF_DOUBLE 8
#define SIZEOF_LONG_DOUBLE 12
#define SIZEOF_DEV_T 8
#define SIZEOF_FPOS_T 16
#define SIZEOF_MODE_T 4
#define SIZEOF_OFF_T 8
#define SIZEOF_SSIZE_T 4
#define SIZEOF_TIME_T 4
#define HAVE_ACCESS 1
#define HAVE_ATEXIT 1
#define HAVE_ATOI 1
#define HAVE_ATOL 1
#define HAVE_CHMOD 1
#define HAVE_CHOWN 1
#define HAVE_CTIME 1
#define HAVE_DIFFTIME 1
#define HAVE_FSTAT 1
#define HAVE_GETENV 1
#define HAVE_GETPAGESIZE 1
#define HAVE_GETRUSAGE 1
#define HAVE_GETTIMEOFDAY 1
#define HAVE_GMTIME 1
#define HAVE_ISATTY 1
#define HAVE_LOCALTIME 1
#define HAVE_LONGJMP 1
#define HAVE_LSTAT 1
#define HAVE_MEMCMP 1
#define HAVE_MEMCPY 1
#define HAVE_MEMMOVE 1
#define HAVE_MEMSET 1
#define HAVE_MKDIR 1
#define HAVE_MKTIME 1
#define HAVE_MMAP 1
#define HAVE_MPROTECT 1
#define HAVE_MUNMAP 1
#define HAVE_QSORT 1
#define HAVE_RAISE 1
#define HAVE_RMDIR 1
#define HAVE_SETJMP 1
#define HAVE_SIGNAL 1
#define HAVE_SNPRINTF 1
#define HAVE_STRCASECMP 1
#define HAVE_STRCHR 1
#define HAVE_STRDUP 1
#define HAVE_STRERROR 1
#define HAVE_STRFTIME 1
#define HAVE_STRNCASECMP 1
#define HAVE_STRRCHR 1
#define HAVE_STRSTR 1
#define HAVE_TIME 1
#define HAVE_UMASK 1
#define HAVE_UTIME 1
#define HAVE_VSNPRINTF 1

configure: exit 0
